2023-05-20 14:46:02,836 [INFO] Activator:176 - 


2023-05-20 14:46:02,839 [INFO] Activator:177 - !SESSION log4j initialized
2023-05-20 14:46:03,135 [ERROR] LogOutputStream:75 - [STDERR_REDIRECT] SWT Webkit: Warning, You are using an old version of webkitgtk. (pre 2.4) BrowserFunction functionality will not be available
2023-05-20 14:46:03,136 [ERROR] LogOutputStream:75 - [STDERR_REDIRECT] SWT WebKit: error initializing DBus server, dBusServer == 0
2023-05-20 14:46:05,812 [INFO] LogOutputStream:77 - [STDOUT_REDIRECT] 
2023-05-20 14:46:27,289 [ERROR] LogOutputStream:75 - [STDERR_REDIRECT] SLF4J: Failed to load class "org.slf4j.impl.StaticLoggerBinder".
2023-05-20 14:46:27,290 [ERROR] LogOutputStream:75 - [STDERR_REDIRECT] SLF4J: Defaulting to no-operation (NOP) logger implementation
2023-05-20 14:46:27,290 [ERROR] LogOutputStream:75 - [STDERR_REDIRECT] SLF4J: See http://www.slf4j.org/codes.html#StaticLoggerBinder for further details.
2023-05-20 14:49:15,360 [INFO] ApplicationProperties:184 - Using Application install path: /opt/stm32cubeide/plugins/com.st.stm32cube.common.mx_6.8.1.202304191431
2023-05-20 14:49:15,403 [INFO] DbMcusXml:78 - Set database path to: /opt/stm32cubeide/plugins/com.st.stm32cube.common.mx_6.8.1.202304191431//db//mcu/
2023-05-20 14:49:15,404 [INFO] ApiDb:274 - Set plugin database path to: /opt/stm32cubeide/plugins/com.st.stm32cube.common.mx_6.8.1.202304191431//db//plugins/boardmanager/
2023-05-20 14:49:15,410 [WARN] ApiDb:259 - Overriding images path with different value:  => /opt/stm32cubeide/plugins/com.st.stm32cube.common.mx_6.8.1.202304191431//db//plugins/mcufinder/images/
2023-05-20 14:49:16,669 [WARN] ApiFinderProperties:113 - /home/ray/.stmcufinder/plugins/mcufinder/mcu/mcuFinder.mfd doesn't exist
2023-05-20 14:49:16,670 [INFO] ApiDb:250 - Set database path to: /home/ray/.stmcufinder/plugins/mcufinder//mcu/
2023-05-20 14:49:16,672 [INFO] DbMcusAds:125 - Set database path to: /home/ray/.stmcufinder/plugins/mcufinder//mcu/
2023-05-20 14:49:16,683 [INFO] CrossReferenceDbSqlite:203 - Set database path to: /home/ray/.stmcufinder/plugins/mcufinder//mcu/cs/
2023-05-20 14:49:16,865 [INFO] RulesReader:64 - Compatibility file has been processed (293 Rules)
2023-05-20 14:49:16,952 [INFO] DbMcusXml:78 - Set database path to: /opt/stm32cubeide/plugins/com.st.stm32cube.common.mx_6.8.1.202304191431//db//mcu/
2023-05-20 14:49:16,952 [INFO] ApiDb:274 - Set plugin database path to: /opt/stm32cubeide/plugins/com.st.stm32cube.common.mx_6.8.1.202304191431//db//plugins/boardmanager/
2023-05-20 14:49:16,952 [INFO] ApiDb:261 - Set plugin images path to: /opt/stm32cubeide/plugins/com.st.stm32cube.common.mx_6.8.1.202304191431//db//plugins/mcufinder/images/
2023-05-20 14:49:16,953 [WARN] DbFile:41 - Overriding database path with different value: /home/ray/.stmcufinder/plugins/mcufinder/ => /home/ray/.stmcufinder/plugins/mcufinder
2023-05-20 14:49:16,953 [INFO] ApiDb:250 - Set database path to: /home/ray/.stmcufinder/plugins/mcufinder//mcu/
2023-05-20 14:49:16,953 [WARN] DbFile:41 - Overriding database path with different value: /home/ray/.stmcufinder/plugins/mcufinder/ => /home/ray/.stmcufinder/plugins/mcufinder
2023-05-20 14:49:16,953 [INFO] DbMcusAds:125 - Set database path to: /home/ray/.stmcufinder/plugins/mcufinder//mcu/
2023-05-20 14:49:16,953 [WARN] DbFile:41 - Overriding database path with different value: /home/ray/.stmcufinder/plugins/mcufinder/ => /home/ray/.stmcufinder/plugins/mcufinder
2023-05-20 14:49:16,953 [WARN] DbFile:41 - Overriding database path with different value: /home/ray/.stmcufinder/plugins/mcufinder/ => /home/ray/.stmcufinder/plugins/mcufinder
2023-05-20 14:49:16,954 [INFO] CrossReferenceDbSqlite:203 - Set database path to: /home/ray/.stmcufinder/plugins/mcufinder//mcu/cs/
2023-05-20 14:49:17,065 [INFO] MainPanel:253 - HeapMemory: 416284672
2023-05-20 14:49:17,241 [INFO] DbMcusXml:78 - Set database path to: /opt/stm32cubeide/plugins/com.st.stm32cube.common.mx_6.8.1.202304191431//db//mcu/
2023-05-20 14:49:17,241 [INFO] ApiDb:274 - Set plugin database path to: /opt/stm32cubeide/plugins/com.st.stm32cube.common.mx_6.8.1.202304191431//db//plugins/boardmanager/
2023-05-20 14:49:17,241 [INFO] ApiDb:261 - Set plugin images path to: /opt/stm32cubeide/plugins/com.st.stm32cube.common.mx_6.8.1.202304191431//db//plugins/mcufinder/images/
2023-05-20 14:49:17,245 [WARN] DbFile:41 - Overriding database path with different value: /home/ray/.stmcufinder/plugins/mcufinder/ => /home/ray/.stmcufinder/plugins/mcufinder
2023-05-20 14:49:17,245 [INFO] ApiDb:250 - Set database path to: /home/ray/.stmcufinder/plugins/mcufinder//mcu/
2023-05-20 14:49:17,245 [WARN] DbFile:41 - Overriding database path with different value: /home/ray/.stmcufinder/plugins/mcufinder/ => /home/ray/.stmcufinder/plugins/mcufinder
2023-05-20 14:49:17,245 [INFO] DbMcusAds:125 - Set database path to: /home/ray/.stmcufinder/plugins/mcufinder//mcu/
2023-05-20 14:49:17,245 [WARN] DbFile:41 - Overriding database path with different value: /home/ray/.stmcufinder/plugins/mcufinder/ => /home/ray/.stmcufinder/plugins/mcufinder
2023-05-20 14:49:17,245 [WARN] DbFile:41 - Overriding database path with different value: /home/ray/.stmcufinder/plugins/mcufinder/ => /home/ray/.stmcufinder/plugins/mcufinder
2023-05-20 14:49:17,246 [INFO] CrossReferenceDbSqlite:203 - Set database path to: /home/ray/.stmcufinder/plugins/mcufinder//mcu/cs/
2023-05-20 14:49:17,294 [INFO] ApplicationProperties:184 - Using Application install path: /opt/stm32cubeide/plugins/com.st.stm32cube.common.mx_6.8.1.202304191431
2023-05-20 14:49:17,296 [INFO] PluginManage:196 - Search for loadable plugins [exclusion list=, ]
2023-05-20 14:49:17,299 [INFO] PluginManage:310 - Check plugin analytics
2023-05-20 14:49:17,515 [INFO] AnalyticsPlugin:253 - Accepted Software Licenses: 
2023-05-20 14:49:17,516 [INFO] AnalyticsPlugin:255 - Accepted CMSIS Pack Licenses: 
2023-05-20 14:49:17,516 [INFO] AnalyticsPlugin:257 - Accepted Firmware Licenses: 
2023-05-20 14:49:17,527 [INFO] PluginManage:359 - Loaded plugin analytics (category:tool,tabindex:-1)
2023-05-20 14:49:17,527 [INFO] PluginManage:310 - Check plugin cadmodel
2023-05-20 14:49:17,703 [INFO] CADModel:105 - Init CAD model plugin
2023-05-20 14:49:17,704 [INFO] PluginManage:359 - Loaded plugin cadmodel (category:power,tabindex:5)
2023-05-20 14:49:17,705 [INFO] PluginManage:310 - Check plugin clock
2023-05-20 14:49:17,721 [INFO] PluginManage:359 - Loaded plugin clock (category:base,tabindex:2)
2023-05-20 14:49:17,721 [INFO] PluginManage:310 - Check plugin ddr
2023-05-20 14:49:17,726 [INFO] PluginManage:359 - Loaded plugin ddr (category:tool,tabindex:6)
2023-05-20 14:49:17,726 [INFO] PluginManage:310 - Check plugin filemanager
2023-05-20 14:49:17,944 [INFO] PluginManage:359 - Loaded plugin filemanager (category:base,tabindex:10)
2023-05-20 14:49:17,945 [INFO] PluginManage:310 - Check plugin ipmanager
2023-05-20 14:49:17,954 [INFO] PluginManage:359 - Loaded plugin ipmanager (category:base,tabindex:5)
2023-05-20 14:49:17,955 [INFO] PluginManage:310 - Check plugin lpbam
2023-05-20 14:49:17,970 [INFO] PluginManage:359 - Loaded plugin lpbam (category:base,tabindex:0)
2023-05-20 14:49:17,971 [INFO] PluginManage:310 - Check plugin pinoutandconfiguration
2023-05-20 14:49:17,985 [INFO] PluginManage:359 - Loaded plugin pinoutandconfiguration (category:base,tabindex:1)
2023-05-20 14:49:17,985 [INFO] PluginManage:310 - Check plugin pinoutconfig
2023-05-20 14:49:18,125 [WARN] SupportedApi:132 - Cannot load RTOS API schema: s4s-elt-must-match.1: The content of 'definitions' must match (annotation?, (simpleType | complexType)?, (unique | key | keyref)*)). A problem was found starting at: attribute.
2023-05-20 14:49:18,380 [INFO] PluginManage:359 - Loaded plugin pinoutconfig (category:base,tabindex:0)
2023-05-20 14:49:18,380 [INFO] PluginManage:310 - Check plugin power
2023-05-20 14:49:18,403 [INFO] PluginManage:359 - Loaded plugin power (category:power,tabindex:4)
2023-05-20 14:49:18,403 [INFO] PluginManage:310 - Check plugin projectmanager
2023-05-20 14:49:18,426 [INFO] PluginManage:359 - Loaded plugin projectmanager (category:projectmanager,tabindex:3)
2023-05-20 14:49:18,426 [INFO] PluginManage:310 - Check plugin thirdparty
2023-05-20 14:49:18,627 [WARN] IntegrityCheckThread:84 - waiting for thirdparty lock release [integrity check]
2023-05-20 14:49:18,628 [INFO] PluginManage:359 - Loaded plugin thirdparty (category:base,tabindex:-1)
2023-05-20 14:49:18,628 [INFO] PluginManage:310 - Check plugin tools
2023-05-20 14:49:18,628 [INFO] IntegrityCheckThread:86 - entering critical section [integrity check]
2023-05-20 14:49:18,631 [INFO] PluginManage:359 - Loaded plugin tools (category:base,tabindex:7)
2023-05-20 14:49:18,632 [INFO] PluginManage:310 - Check plugin tutovideos
2023-05-20 14:49:18,633 [INFO] ThirdPartyUpdaterWithRetryManager:70 - Updater plugin not ready yet. [1/15]
2023-05-20 14:49:18,989 [INFO] PluginManage:359 - Loaded plugin tutovideos (category:base,tabindex:-1)
2023-05-20 14:49:18,989 [INFO] PluginManage:310 - Check plugin updater
2023-05-20 14:49:19,020 [INFO] PluginManage:359 - Loaded plugin updater (category:base,tabindex:12)
2023-05-20 14:49:19,021 [INFO] PluginManage:283 - PluginManage : Loaded plugins [15]
2023-05-20 14:49:19,447 [INFO] PinOutPanel:1499 - setPackage(No Configuration,No Configuration)
2023-05-20 14:49:19,519 [INFO] CADModel:165 - CPN selected for project level
2023-05-20 14:49:19,519 [INFO] CADModel:114 - Register for checkConnection events
2023-05-20 14:49:19,541 [INFO] IPUIPlugin:80 - create IPUIPlugin
2023-05-20 14:49:19,542 [INFO] PluginManager:220 - loadIPPluginJar : add touchsensing
2023-05-20 14:49:19,545 [INFO] IPUIPlugin:80 - create IPUIPlugin
2023-05-20 14:49:19,545 [INFO] PluginManager:220 - loadIPPluginJar : add hash
2023-05-20 14:49:19,549 [INFO] IPUIPlugin:80 - create IPUIPlugin
2023-05-20 14:49:19,549 [INFO] PluginManager:220 - loadIPPluginJar : add spi
2023-05-20 14:49:19,560 [INFO] IPUIPlugin:80 - create IPUIPlugin
2023-05-20 14:49:19,560 [INFO] PluginManager:220 - loadIPPluginJar : add adc
2023-05-20 14:49:19,562 [INFO] IPUIPlugin:80 - create IPUIPlugin
2023-05-20 14:49:19,562 [INFO] PluginManager:220 - loadIPPluginJar : add quadspi
2023-05-20 14:49:19,567 [INFO] IPUIPlugin:80 - create IPUIPlugin
2023-05-20 14:49:19,567 [INFO] PluginManager:220 - loadIPPluginJar : add sai
2023-05-20 14:49:19,570 [INFO] IPUIPlugin:80 - create IPUIPlugin
2023-05-20 14:49:19,570 [INFO] PluginManager:220 - loadIPPluginJar : add i2s
2023-05-20 14:49:19,574 [INFO] IPUIPlugin:80 - create IPUIPlugin
2023-05-20 14:49:19,574 [INFO] PluginManager:220 - loadIPPluginJar : add cryp
2023-05-20 14:49:19,578 [INFO] IPUIPlugin:80 - create IPUIPlugin
2023-05-20 14:49:19,579 [INFO] PluginManager:220 - loadIPPluginJar : add dma3
2023-05-20 14:49:19,583 [INFO] IPUIPlugin:80 - create IPUIPlugin
2023-05-20 14:49:19,583 [INFO] PluginManager:220 - loadIPPluginJar : add can
2023-05-20 14:49:19,585 [INFO] IPUIPlugin:80 - create IPUIPlugin
2023-05-20 14:49:19,586 [INFO] PluginManager:220 - loadIPPluginJar : add comp
2023-05-20 14:49:19,589 [INFO] IPUIPlugin:80 - create IPUIPlugin
2023-05-20 14:49:19,590 [INFO] PluginManager:220 - loadIPPluginJar : add dfsdm
2023-05-20 14:49:19,592 [INFO] IPUIPlugin:80 - create IPUIPlugin
2023-05-20 14:49:19,592 [INFO] PluginManager:220 - loadIPPluginJar : add tim
2023-05-20 14:49:19,597 [INFO] IPUIPlugin:80 - create IPUIPlugin
2023-05-20 14:49:19,597 [INFO] PluginManager:220 - loadIPPluginJar : add gtzc
2023-05-20 14:49:19,603 [INFO] IPUIPlugin:80 - create IPUIPlugin
2023-05-20 14:49:19,603 [INFO] PluginManager:220 - loadIPPluginJar : add resmgrutility
2023-05-20 14:49:19,607 [INFO] IPUIPlugin:80 - create IPUIPlugin
2023-05-20 14:49:19,607 [INFO] PluginManager:220 - loadIPPluginJar : add i2c
2023-05-20 14:49:19,612 [INFO] IPUIPlugin:80 - create IPUIPlugin
2023-05-20 14:49:19,612 [INFO] PluginManager:220 - loadIPPluginJar : add openamp
2023-05-20 14:49:19,616 [INFO] IPUIPlugin:80 - create IPUIPlugin
2023-05-20 14:49:19,617 [INFO] PluginManager:220 - loadIPPluginJar : add pdm2pcm
2023-05-20 14:49:19,629 [INFO] IPUIPlugin:80 - create IPUIPlugin
2023-05-20 14:49:19,629 [INFO] PluginManager:220 - loadIPPluginJar : add linkedlist
2023-05-20 14:49:19,633 [INFO] IPUIPlugin:80 - create IPUIPlugin
2023-05-20 14:49:19,633 [INFO] PluginManager:220 - loadIPPluginJar : add gfxmmu
2023-05-20 14:49:19,642 [INFO] IPUIPlugin:80 - create IPUIPlugin
2023-05-20 14:49:19,643 [INFO] PluginManager:220 - loadIPPluginJar : add freertos
2023-05-20 14:49:19,646 [INFO] IPUIPlugin:80 - create IPUIPlugin
2023-05-20 14:49:19,647 [INFO] PluginManager:220 - loadIPPluginJar : add lorawan
2023-05-20 14:49:19,654 [INFO] IPUIPlugin:80 - create IPUIPlugin
2023-05-20 14:49:19,654 [INFO] PluginManager:220 - loadIPPluginJar : add stm32_wpan
2023-05-20 14:49:19,659 [INFO] IPUIPlugin:80 - create IPUIPlugin
2023-05-20 14:49:19,659 [INFO] PluginManager:220 - loadIPPluginJar : add opamp
2023-05-20 14:49:19,666 [INFO] IPUIPlugin:80 - create IPUIPlugin
2023-05-20 14:49:19,667 [INFO] PluginManager:220 - loadIPPluginJar : add ipddr
2023-05-20 14:49:19,669 [INFO] IPUIPlugin:80 - create IPUIPlugin
2023-05-20 14:49:19,669 [INFO] PluginManager:220 - loadIPPluginJar : add ltdc
2023-05-20 14:49:19,672 [INFO] IPUIPlugin:80 - create IPUIPlugin
2023-05-20 14:49:19,673 [INFO] PluginManager:220 - loadIPPluginJar : add ucpd
2023-05-20 14:49:19,683 [INFO] IPUIPlugin:80 - create IPUIPlugin
2023-05-20 14:49:19,683 [INFO] PluginManager:220 - loadIPPluginJar : add mdma
2023-05-20 14:49:19,698 [INFO] IPUIPlugin:80 - create IPUIPlugin
2023-05-20 14:49:19,703 [INFO] PluginManager:220 - loadIPPluginJar : add plateformsettings
2023-05-20 14:49:19,706 [INFO] IPUIPlugin:80 - create IPUIPlugin
2023-05-20 14:49:19,706 [INFO] PluginManager:220 - loadIPPluginJar : add genericplugin
2023-05-20 14:49:19,715 [INFO] IPUIPlugin:80 - create IPUIPlugin
2023-05-20 14:49:19,716 [INFO] PluginManager:220 - loadIPPluginJar : add gic
2023-05-20 14:49:19,727 [INFO] IPUIPlugin:80 - create IPUIPlugin
2023-05-20 14:49:19,727 [INFO] PluginManager:220 - loadIPPluginJar : add dma
2023-05-20 14:49:19,731 [INFO] IPUIPlugin:80 - create IPUIPlugin
2023-05-20 14:49:19,732 [INFO] PluginManager:220 - loadIPPluginJar : add usart
2023-05-20 14:49:19,734 [INFO] IPUIPlugin:80 - create IPUIPlugin
2023-05-20 14:49:19,734 [INFO] PluginManager:220 - loadIPPluginJar : add fatfs
2023-05-20 14:49:19,737 [INFO] IPUIPlugin:80 - create IPUIPlugin
2023-05-20 14:49:19,738 [INFO] PluginManager:220 - loadIPPluginJar : add ts
2023-05-20 14:49:19,742 [INFO] IPUIPlugin:80 - create IPUIPlugin
2023-05-20 14:49:19,742 [INFO] PluginManager:220 - loadIPPluginJar : add i3c
2023-05-20 14:49:19,745 [INFO] IPUIPlugin:80 - create IPUIPlugin
2023-05-20 14:49:19,745 [INFO] PluginManager:220 - loadIPPluginJar : add tracer_emb
2023-05-20 14:49:19,749 [INFO] IPUIPlugin:80 - create IPUIPlugin
2023-05-20 14:49:19,749 [INFO] PluginManager:220 - loadIPPluginJar : add usbx
2023-05-20 14:49:19,757 [INFO] IPUIPlugin:80 - create IPUIPlugin
2023-05-20 14:49:19,757 [INFO] PluginManager:220 - loadIPPluginJar : add fmc
2023-05-20 14:49:19,764 [INFO] IPUIPlugin:80 - create IPUIPlugin
2023-05-20 14:49:19,765 [INFO] PluginManager:220 - loadIPPluginJar : add nvic
2023-05-20 14:49:19,772 [INFO] IPUIPlugin:80 - create IPUIPlugin
2023-05-20 14:49:19,773 [INFO] PluginManager:220 - loadIPPluginJar : add gpio
2023-05-20 14:49:19,775 [INFO] IPUIPlugin:80 - create IPUIPlugin
2023-05-20 14:49:19,776 [INFO] PluginManager:220 - loadIPPluginJar : add tsc
2023-05-20 14:49:19,780 [INFO] IPUIPlugin:80 - create IPUIPlugin
2023-05-20 14:49:19,780 [INFO] PluginManager:220 - loadIPPluginJar : add aes
2023-05-20 14:49:19,910 [INFO] CADModel:165 - CPN selected for project level
2023-05-20 14:49:19,910 [INFO] CADModel:114 - Register for checkConnection events
2023-05-20 14:49:19,911 [FATAL] Updater:308 - Updater called before beeing initialized
2023-05-20 14:49:19,911 [ERROR] CADModel:125 - Updater not yet initialized, retry later 
2023-05-20 14:49:20,162 [INFO] CADModel:165 - CPN selected for project level
2023-05-20 14:49:20,162 [INFO] CADModel:114 - Register for checkConnection events
2023-05-20 14:49:20,162 [FATAL] Updater:308 - Updater called before beeing initialized
2023-05-20 14:49:20,162 [ERROR] CADModel:125 - Updater not yet initialized, retry later 
2023-05-20 14:49:20,169 [FATAL] Updater:308 - Updater called before beeing initialized
2023-05-20 14:49:20,308 [FATAL] Updater:308 - Updater called before beeing initialized
2023-05-20 14:49:20,317 [INFO] DbMcusAds:53 - JSON generation date=Thu Sep 30 14:55:09 CST 2021 (1632984909247)
2023-05-20 14:49:20,317 [FATAL] Updater:308 - Updater called before beeing initialized
2023-05-20 14:49:20,376 [WARN] DetailPanel:346 - Failed to get advertising image, set to default
2023-05-20 14:49:20,539 [FATAL] Updater:308 - Updater called before beeing initialized
2023-05-20 14:49:20,542 [FATAL] Updater:308 - Updater called before beeing initialized
2023-05-20 14:49:20,542 [FATAL] Updater:308 - Updater called before beeing initialized
2023-05-20 14:49:20,542 [WARN] DetailPanel:346 - Failed to get advertising image, set to default
2023-05-20 14:49:20,544 [FATAL] Updater:308 - Updater called before beeing initialized
2023-05-20 14:49:20,607 [ERROR] Updater:1120 - MainUpdater not yet initialized. External WinMGr cannot be set.
2023-05-20 14:49:20,610 [INFO] Updater:1056 - Updater Version found : 6.8.1
2023-05-20 14:49:20,646 [INFO] ApplicationProperties:184 - Using Application install path: /opt/stm32cubeide/plugins/com.st.stm32cube.common.mx_6.8.1.202304191431
2023-05-20 14:49:20,699 [INFO] MainUpdater:519 - Copy updater definitions from MX database
2023-05-20 14:49:20,744 [INFO] MainUpdater:552 - Copy flag file definitions from MX database
2023-05-20 14:49:20,746 [INFO] MainUpdater:568 - Copy thirdparty index definitions from MX database
2023-05-20 14:49:20,748 [INFO] MainUpdater:587 - Copy default thirdparty db definitions from MX database
2023-05-20 14:49:20,815 [INFO] MainUpdater:2854 - connection check result : 10
2023-05-20 14:49:20,815 [INFO] MainUpdater:3548 - Updater definition file requires update
2023-05-20 14:49:20,817 [INFO] MainUpdater:283 - Updater Check For Update Now.
2023-05-20 14:49:20,818 [INFO] MicroXplorer:498 - Change Database Version : DB.6.0.81
2023-05-20 14:49:20,869 [INFO] ServerAccessManage:473 - Download File updaters.zip
2023-05-20 14:49:21,000 [INFO] FileExtend:240 - Unzip File : updaters.zip
2023-05-20 14:49:21,000 [INFO] FileExtend:255 - Standard Zip Deflate
2023-05-20 14:49:21,635 [WARN] MainUpdater:1187 - Updater busy. Cannot search thirdparties
2023-05-20 14:49:21,636 [INFO] ThirdPartyUpdaterWithRetryManager:96 - Updater plugin is busy. [1/15]
2023-05-20 14:49:21,698 [INFO] ServerAccessManage:473 - Download File PacksControlFlags.xml
2023-05-20 14:49:21,784 [INFO] ServerAccessManage:473 - Download File cubemx.pidx
2023-05-20 14:49:21,959 [INFO] ServerAccessManage:473 - Download File STMicroelectronics.FP-ATR-ASTRA1.pdsc
2023-05-20 14:49:22,124 [INFO] ServerAccessManage:473 - Download File STMicroelectronics.FP-ATR-SIGFOX1.pdsc
2023-05-20 14:49:22,209 [INFO] ServerAccessManage:473 - Download File STMicroelectronics.FP-SNS-FLIGHT1.pdsc
2023-05-20 14:49:22,294 [INFO] ServerAccessManage:473 - Download File STMicroelectronics.FP-SNS-MOTENV1.pdsc
2023-05-20 14:49:22,377 [INFO] ServerAccessManage:473 - Download File STMicroelectronics.X-CUBE-AI.pdsc
2023-05-20 14:49:22,970 [INFO] ServerAccessManage:473 - Download File STMicroelectronics.X-CUBE-ALS.pdsc
2023-05-20 14:49:23,088 [INFO] ServerAccessManage:473 - Download File STMicroelectronics.X-CUBE-BLE1.pdsc
2023-05-20 14:49:24,388 [ERROR] ServerAccessManage:1089 - Problem, file not found on Server
2023-05-20 14:49:24,428 [INFO] ServerAccessManage:473 - Download File STMicroelectronics.X-CUBE-BLE2.pdsc
2023-05-20 14:49:24,636 [WARN] MainUpdater:1187 - Updater busy. Cannot search thirdparties
2023-05-20 14:49:24,636 [INFO] ThirdPartyUpdaterWithRetryManager:96 - Updater plugin is busy. [2/15]
2023-05-20 14:49:24,791 [INFO] ServerAccessManage:473 - Download File STMicroelectronics.X-CUBE-BLEMGR.pdsc
2023-05-20 14:49:25,028 [INFO] ServerAccessManage:473 - Download File STMicroelectronics.X-CUBE-DISPLAY.pdsc
2023-05-20 14:49:25,309 [INFO] ServerAccessManage:473 - Download File STMicroelectronics.X-CUBE-EEPRMA1.pdsc
2023-05-20 14:49:26,204 [ERROR] ServerAccessManage:1089 - Problem, file not found on Server
2023-05-20 14:49:26,385 [INFO] ServerAccessManage:473 - Download File STMicroelectronics.X-CUBE-FREERTOS.pdsc
2023-05-20 14:49:26,507 [INFO] ServerAccessManage:473 - Download File STMicroelectronics.X-CUBE-GNSS1.pdsc
2023-05-20 14:49:27,637 [WARN] MainUpdater:1187 - Updater busy. Cannot search thirdparties
2023-05-20 14:49:27,638 [INFO] ThirdPartyUpdaterWithRetryManager:96 - Updater plugin is busy. [3/15]
2023-05-20 14:49:27,717 [ERROR] ServerAccessManage:1089 - Problem, file not found on Server
2023-05-20 14:49:28,556 [ERROR] ServerAccessManage:1089 - Problem, file not found on Server
2023-05-20 14:49:29,407 [ERROR] ServerAccessManage:1089 - Problem, file not found on Server
2023-05-20 14:49:30,260 [ERROR] ServerAccessManage:1089 - Problem, file not found on Server
2023-05-20 14:49:30,638 [WARN] MainUpdater:1187 - Updater busy. Cannot search thirdparties
2023-05-20 14:49:30,639 [INFO] ThirdPartyUpdaterWithRetryManager:96 - Updater plugin is busy. [4/15]
2023-05-20 14:49:30,811 [ERROR] ServerAccessManage:1089 - Problem, file not found on Server
2023-05-20 14:49:31,823 [ERROR] ServerAccessManage:1089 - Problem, file not found on Server
2023-05-20 14:49:31,860 [INFO] ServerAccessManage:473 - Download File STMicroelectronics.X-CUBE-ISPU.pdsc
2023-05-20 14:49:31,979 [INFO] ServerAccessManage:473 - Download File STMicroelectronics.X-CUBE-MEMS1.pdsc
2023-05-20 14:49:32,967 [INFO] ServerAccessManage:473 - Download File STMicroelectronics.X-CUBE-NFC4.pdsc
2023-05-20 14:49:33,508 [INFO] ServerAccessManage:473 - Download File STMicroelectronics.X-CUBE-NFC7.pdsc
2023-05-20 14:49:33,589 [INFO] ServerAccessManage:473 - Download File STMicroelectronics.X-CUBE-SFXS2LP1.pdsc
2023-05-20 14:49:33,639 [WARN] MainUpdater:1187 - Updater busy. Cannot search thirdparties
2023-05-20 14:49:33,639 [INFO] ThirdPartyUpdaterWithRetryManager:96 - Updater plugin is busy. [5/15]
2023-05-20 14:49:33,783 [INFO] ServerAccessManage:473 - Download File STMicroelectronics.X-CUBE-SUBG2.pdsc
2023-05-20 14:49:34,174 [INFO] ServerAccessManage:473 - Download File STMicroelectronics.X-CUBE-SMBUS.pdsc
2023-05-20 14:49:35,062 [ERROR] ServerAccessManage:1089 - Problem, file not found on Server
2023-05-20 14:49:35,100 [INFO] ServerAccessManage:473 - Download File STMicroelectronics.X-CUBE-TOF1.pdsc
2023-05-20 14:49:36,173 [ERROR] ServerAccessManage:1089 - Problem, file not found on Server
2023-05-20 14:49:36,248 [INFO] ServerAccessManage:473 - Download File STMicroelectronics.X-CUBE-TOUCHGFX.pdsc
2023-05-20 14:49:36,640 [WARN] MainUpdater:1187 - Updater busy. Cannot search thirdparties
2023-05-20 14:49:36,641 [INFO] ThirdPartyUpdaterWithRetryManager:96 - Updater plugin is busy. [6/15]
2023-05-20 14:49:36,906 [INFO] ServerAccessManage:473 - Download File STMicroelectronics.X-CUBE-ALGOBUILD.pdsc
2023-05-20 14:49:37,146 [INFO] ServerAccessManage:473 - Download File STMicroelectronics.X-CUBE-AZRTOS-H7.pdsc
2023-05-20 14:49:37,503 [INFO] ServerAccessManage:473 - Download File STMicroelectronics.X-CUBE-AZRTOS-F4.pdsc
2023-05-20 14:49:37,679 [INFO] ServerAccessManage:473 - Download File STMicroelectronics.X-CUBE-AZRTOS-F7.pdsc
2023-05-20 14:49:37,867 [INFO] ServerAccessManage:473 - Download File STMicroelectronics.X-CUBE-AZRTOS-L4.pdsc
2023-05-20 14:49:38,016 [INFO] ServerAccessManage:473 - Download File STMicroelectronics.X-CUBE-AZRTOS-L5.pdsc
2023-05-20 14:49:38,197 [INFO] ServerAccessManage:473 - Download File STMicroelectronics.X-CUBE-AZRTOS-G0.pdsc
2023-05-20 14:49:38,387 [INFO] ServerAccessManage:473 - Download File STMicroelectronics.X-CUBE-AZRTOS-G4.pdsc
2023-05-20 14:49:38,569 [INFO] ServerAccessManage:473 - Download File STMicroelectronics.X-CUBE-AZRTOS-WB.pdsc
2023-05-20 14:49:38,706 [INFO] ServerAccessManage:473 - Download File STMicroelectronics.X-CUBE-AZRTOS-WL.pdsc
2023-05-20 14:49:39,641 [WARN] MainUpdater:1187 - Updater busy. Cannot search thirdparties
2023-05-20 14:49:39,642 [INFO] ThirdPartyUpdaterWithRetryManager:96 - Updater plugin is busy. [7/15]
2023-05-20 14:49:40,307 [INFO] ServerAccessManage:473 - Download File wolfSSL.I-CUBE-wolfSSL.pdsc
2023-05-20 14:49:40,929 [INFO] MainUpdater:2854 - connection check result : 10
2023-05-20 14:49:42,643 [WARN] MainUpdater:1187 - Updater busy. Cannot search thirdparties
2023-05-20 14:49:42,643 [INFO] ThirdPartyUpdaterWithRetryManager:96 - Updater plugin is busy. [8/15]
2023-05-20 14:49:45,644 [WARN] MainUpdater:1187 - Updater busy. Cannot search thirdparties
2023-05-20 14:49:45,644 [INFO] ThirdPartyUpdaterWithRetryManager:96 - Updater plugin is busy. [9/15]
2023-05-20 14:49:47,514 [ERROR] ServerAccessManage:1089 - Problem, file not found on Server
2023-05-20 14:49:48,413 [ERROR] ServerAccessManage:1089 - Problem, file not found on Server
2023-05-20 14:49:48,645 [WARN] MainUpdater:1187 - Updater busy. Cannot search thirdparties
2023-05-20 14:49:48,645 [INFO] ThirdPartyUpdaterWithRetryManager:96 - Updater plugin is busy. [10/15]
2023-05-20 14:49:49,068 [ERROR] ServerAccessManage:1089 - Problem, file not found on Server
2023-05-20 14:49:50,818 [ERROR] ServerAccessManage:1096 - Problem, Http access forbiden
2023-05-20 14:49:50,819 [ERROR] ServerAccessManage:651 - Problem, Http access forbiden : RoweBots.I-CUBE-UNISONRTOS.pdsc.
2023-05-20 14:49:51,646 [WARN] MainUpdater:1187 - Updater busy. Cannot search thirdparties
2023-05-20 14:49:51,647 [INFO] ThirdPartyUpdaterWithRetryManager:96 - Updater plugin is busy. [11/15]
2023-05-20 14:49:52,959 [INFO] ServerAccessManage:473 - Download File SEGGER.I-CUBE-embOS.pdsc
2023-05-20 14:49:54,647 [WARN] MainUpdater:1187 - Updater busy. Cannot search thirdparties
2023-05-20 14:49:54,647 [INFO] ThirdPartyUpdaterWithRetryManager:96 - Updater plugin is busy. [12/15]
2023-05-20 14:49:57,621 [INFO] ServerAccessManage:473 - Download File portGmbH.I-Cube-SoM-uGOAL.pdsc
2023-05-20 14:49:57,648 [WARN] MainUpdater:1187 - Updater busy. Cannot search thirdparties
2023-05-20 14:49:57,648 [INFO] ThirdPartyUpdaterWithRetryManager:96 - Updater plugin is busy. [13/15]
2023-05-20 14:50:00,288 [ERROR] ServerAccessManage:1089 - Problem, file not found on Server
2023-05-20 14:50:00,556 [ERROR] ServerAccessManage:1089 - Problem, file not found on Server
2023-05-20 14:50:00,648 [WARN] MainUpdater:1187 - Updater busy. Cannot search thirdparties
2023-05-20 14:50:00,649 [INFO] ThirdPartyUpdaterWithRetryManager:96 - Updater plugin is busy. [14/15]
2023-05-20 14:50:00,823 [ERROR] ServerAccessManage:1089 - Problem, file not found on Server
2023-05-20 14:50:01,846 [INFO] ApiDb:581 - Connected to CubeFinder SQLite database (/home/ray/.stmcufinder/plugins/mcufinder/mcu/cube-finder-db.db)
2023-05-20 14:50:01,973 [INFO] ApiDb:668 - CubeFinder database Data Model version=2.1
2023-05-20 14:50:01,973 [INFO] ApiDb:669 - CubeFinder database Configuration version=3.0.35
2023-05-20 14:50:01,974 [INFO] ApiDb:670 - CubeFinder database generation date=2023-04-03 (1680511692)
2023-05-20 14:50:01,975 [INFO] ApiDb:671 - CubeFinder database FW Pack versions=[FP-ATR-ASTRA1_V2.0.0, STM32Cube_FW_C0_V1.0.1, STM32Cube_FW_F0_V1.11.4, STM32Cube_FW_F3_V1.11.4, STM32Cube_FW_F4_V1.27.1, STM32Cube_FW_F7_V1.17.0, STM32Cube_FW_G0_V1.6.1, STM32Cube_FW_G4_V1.5.1, STM32Cube_FW_H5_V0.5.1, STM32Cube_FW_H5_V1.0.0, STM32Cube_FW_H7_V1.11.0, STM32Cube_FW_L0_V1.12.2, STM32Cube_FW_L5_V1.5.0, STM32Cube_FW_U5_V1.2.0, STM32Cube_FW_WBA_V1.0.0, STM32Cube_FW_WBA_V1.0.0RC1, STM32Cube_FW_WBA_V1.0.0RC3, STM32Cube_FW_WB_V1.15.0RC1, STM32Cube_FW_WB_V1.16.0, STM32Cube_FW_WB_V1.16.0RC2, STM32Cube_FW_WL_V1.3.0, X-CUBE-ALGOBUILD_V1.3.0, X-CUBE-ALS_V1.0.1, X-CUBE-AZRTOS-F4_V1.1.0, X-CUBE-AZRTOS-F7_V1.1.0, X-CUBE-AZRTOS-G0_V1.1.0, X-CUBE-AZRTOS-G4_V1.0.0, X-CUBE-AZRTOS-H7_V3.0.0, X-CUBE-AZRTOS-L4_V1.0.0, X-CUBE-AZRTOS-L5_V1.1.0, X-CUBE-AZRTOS-WB_V1.1.0, X-CUBE-AZRTOS-WL_V1.0.0, X-CUBE-BLE1_V6.2.4, X-CUBE-BLE2_V3.3.0, X-CUBE-BLEMGR_V1.3.0, X-CUBE-EEPRMA1_V4.1.0, X-CUBE-FREERTOS_V1.0.1, X-CUBE-GNSS1_V6.0.0, X-CUBE-MEMS1_V9.1.0, X-CUBE-MEMS1_V9.4.0, X-CUBE-MEMS1_V9.5.0, X-CUBE-NFC4_V3.0.0, X-CUBE-NFC7_V1.0.0, X-CUBE-SFXS2LP1_V4.0.0, X-CUBE-SUBG2_V5.0.0]
2023-05-20 14:50:02,487 [INFO] DbBoardsSqlite:226 - include board P-NUCLEO-WB55-NUCLEO as a kit item of type 'Nucleo-64'
2023-05-20 14:50:02,488 [INFO] DbBoardsSqlite:226 - include board P-NUCLEO-WB55-USBDONGLE as a kit item of type 'Nucleo USB Dongle'
2023-05-20 14:50:02,491 [INFO] DbBoardsSqlite:226 - include board STEVAL-IDP005V1 as a kit item of type 'Evaluation Board'
2023-05-20 14:50:02,492 [INFO] DbBoardsSqlite:226 - include board STEVAL-IDP005V2 as a kit item of type 'Evaluation Board'
2023-05-20 14:50:02,524 [INFO] ServerAccessManage:473 - Download File emotas.I-CUBE-CANOPEN.pdsc
2023-05-20 14:50:02,875 [INFO] ApiDb:240 - Found 297 in-development CPN: [B-G473E-ZEST1S, B-WB1M-WPAN1, B-WL5M-SUBG1, NUCLEO-C031C6, NUCLEO-H503RB, NUCLEO-H563ZI, NUCLEO-U545RE-Q, NUCLEO-U5A5ZJ-Q, NUCLEO-WBA52CG, STEVAL-PROTEUS1, STEVAL-STWINBX1, STM320518-EVAL, STM32C0116-DK, STM32C011D6Y3TR, STM32C011D6Y6TR, STM32C011F4P3, STM32C011F4P6, STM32C011F4U3, STM32C011F4U6TR, STM32C011F6P3, STM32C011F6P6, STM32C011F6U3, STM32C011F6U6TR, STM32C011J4M3, STM32C011J4M6, STM32C011J6M3, STM32C011J6M6, STM32C0316-DK, STM32C031C4T3, STM32C031C4T6, STM32C031C4U3, STM32C031C4U6, STM32C031C6T3, STM32C031C6T6, STM32C031C6U3, STM32C031C6U6, STM32C031F4P3, STM32C031F4P6, STM32C031F6P3, STM32C031F6P6, STM32C031G4U3, STM32C031G4U6, STM32C031G6U3, STM32C031G6U6, STM32C031K4T3, STM32C031K4T6, STM32C031K4U3, STM32C031K4U6, STM32C031K6T3, STM32C031K6T6, STM32C031K6U3, STM32C031K6U6, STM32G071K8TXN, STM32G071K8UXN, STM32G081GBU6N, STM32G081KBT6N, STM32G081KBUXN, STM32G0B1CCT6N, STM32G0B1KCT6, STM32G0B1NEY6TR, STM32G0B1RCT6N, STM32G0C1CCT6, STM32G0C1CCT6N, STM32G0C1CCU6N, STM32G0C1CET6N, STM32G0C1CEU6N, STM32G0C1KCT6, STM32G0C1NEY6TR, STM32G0C1RCI6N, STM32G0C1RCT6N, STM32G0C1REI6N, STM32G0C1RET6N, STM32G0C1VCI6, STM32G0C1VEI6, STM32G471CCT6, STM32G471CCU6, STM32G471CET3, STM32G471CET6, STM32G471CEU3, STM32G471CEU6, STM32G471MCT6, STM32G471MET3, STM32G471MET6, STM32G471MEY6TR, STM32G471QCT6, STM32G471QET3, STM32G471RCT6, STM32G471RET3, STM32G471RET6, STM32G471VCH6, STM32G471VCI6, STM32G471VCT6, STM32G471VEH3, STM32G471VEH6, STM32G471VEI3, STM32G471VEI6, STM32G471VET3, STM32G471VET6, STM32G474CCT6, STM32H503CBT6, STM32H503CBU6, STM32H503EBY6TR, STM32H503KBU6, STM32H503RBT6, STM32H562AGI6, STM32H562AII6, STM32H562IGK6, STM32H562IGT6, STM32H562IIK6, STM32H562IIT6, STM32H562RGT6, STM32H562RGV6, STM32H562RIT6, STM32H562RIV6, STM32H562VGT6, STM32H562VIT6, STM32H562ZGT6, STM32H562ZIT6, STM32H563AGI6, STM32H563AII3Q, STM32H563AII6, STM32H563IGK6, STM32H563IGT6, STM32H563IIK3Q, STM32H563IIK6, STM32H563IIT3Q, STM32H563IIT6, STM32H563MIY3QTR, STM32H563RGT6, STM32H563RGV6, STM32H563RIT6, STM32H563RIV6, STM32H563VGT6, STM32H563VIT3Q, STM32H563VIT6, STM32H563ZGT6, STM32H563ZIT3Q, STM32H563ZIT6, STM32H573AII3Q, STM32H573AII6, STM32H573I-DK, STM32H573IIK3Q, STM32H573IIK6, STM32H573IIT3Q, STM32H573IIT6, STM32H573MIY3QTR, STM32H573RIT6, STM32H573RIV6, STM32H573VIT3Q, STM32H573VIT6, STM32H573ZIT3Q, STM32H573ZIT6, STM32L4R5QGI6STR, STM32MP131AAE3, STM32MP131AAF3, STM32MP131AAG3, STM32MP131CAE3, STM32MP131CAF3, STM32MP131CAG3, STM32MP131DAE7, STM32MP131DAF7, STM32MP131DAG7, STM32MP131FAE7, STM32MP131FAF7, STM32MP131FAG7, STM32MP133AAE3, STM32MP133AAF3, STM32MP133AAG3, STM32MP133CAE3, STM32MP133CAF3, STM32MP133CAG3, STM32MP133DAE7, STM32MP133DAF7, STM32MP133DAG7, STM32MP133FAE7, STM32MP133FAF7, STM32MP133FAG7, STM32MP135AAE3, STM32MP135AAF3, STM32MP135AAG3, STM32MP135CAE3, STM32MP135CAF3, STM32MP135CAG3, STM32MP135DAE7, STM32MP135DAF7, STM32MP135DAG7, STM32MP135F-DK, STM32MP135FAE7, STM32MP135FAF7, STM32MP135FAF7T, STM32MP135FAF7U, STM32MP135FAG7, STM32U535CBT6, STM32U535CBT6Q, STM32U535CBU6, STM32U535CBU6Q, STM32U535CCT6, STM32U535CCT6Q, STM32U535CCU6, STM32U535CCU6Q, STM32U535CET6, STM32U535CET6Q, STM32U535CEU6, STM32U535CEU6Q, STM32U535JEY6QTR, STM32U535NCY6QTR, STM32U535NEY6QTR, STM32U535RBI6, STM32U535RBI6Q, STM32U535RBT6, STM32U535RBT6Q, STM32U535RCI6, STM32U535RCI6Q, STM32U535RCT6, STM32U535RCT6Q, STM32U535REI6, STM32U535REI6Q, STM32U535RET6, STM32U535RET6Q, STM32U535VCI6, STM32U535VCI6Q, STM32U535VCT6, STM32U535VCT6Q, STM32U535VEI6, STM32U535VEI6Q, STM32U535VET6, STM32U535VET6Q, STM32U545CET6, STM32U545CET6Q, STM32U545CEU6, STM32U545CEU6Q, STM32U545JEY6QTR, STM32U545NEY6QTR, STM32U545REI6, STM32U545REI6Q, STM32U545RET6, STM32U545RET6Q, STM32U545VEI6, STM32U545VEI6Q, STM32U545VET6, STM32U545VET6Q, STM32U595AIH6, STM32U595AIH6Q, STM32U595AJH6, STM32U595AJH6Q, STM32U595QII6, STM32U595QII6Q, STM32U595QJI6, STM32U595QJI6Q, STM32U595RIT6, STM32U595RIT6Q, STM32U595RJT6, STM32U595RJT6Q, STM32U595VIT6, STM32U595VIT6Q, STM32U595VJT6, STM32U595VJT6Q, STM32U595ZIT6, STM32U595ZIT6Q, STM32U595ZIY6QTR, STM32U595ZJT6, STM32U595ZJT6Q, STM32U595ZJY6QTR, STM32U599BJY6QTR, STM32U599NIH6Q, STM32U599NJH6Q, STM32U599VIT6Q, STM32U599VJT6, STM32U599VJT6Q, STM32U599ZIT6Q, STM32U599ZIY6QTR, STM32U599ZJT6Q, STM32U599ZJY6QTR, STM32U5A5AJH6, STM32U5A5AJH6Q, STM32U5A5QJI6, STM32U5A5QJI6Q, STM32U5A5RJT6, STM32U5A5RJT6Q, STM32U5A5VJT6, STM32U5A5VJT6Q, STM32U5A5ZJT6, STM32U5A5ZJT6Q, STM32U5A5ZJY6QTR, STM32U5A9BJY6QTR, STM32U5A9J-DK, STM32U5A9NJH6Q, STM32U5A9VJT6Q, STM32U5A9ZJT6Q, STM32U5A9ZJY6QTR, STM32WB1MMCH6, STM32WBA52CEU6, STM32WBA52CEU6T, STM32WBA52CGU6, STM32WBA52CGU6T, STM32WL5MOCH6, STM32WL5MOCH6TR]
2023-05-20 14:50:03,126 [INFO] BoardInfo:880 - No configuration file found for board P-NUCLEO-WB55
2023-05-20 14:50:03,126 [INFO] DbBoards:157 - Kit is not supported: P-NUCLEO-WB55
2023-05-20 14:50:03,137 [INFO] BoardInfo:880 - No configuration file found for board STEVAL-BFA001V1B
2023-05-20 14:50:03,137 [INFO] DbBoards:157 - Kit is not supported: STEVAL-BFA001V1B
2023-05-20 14:50:03,140 [INFO] BoardInfo:880 - No configuration file found for board STEVAL-BFA001V2B
2023-05-20 14:50:03,140 [INFO] DbBoards:157 - Kit is not supported: STEVAL-BFA001V2B
2023-05-20 14:50:03,276 [INFO] DbBoards:161 - Found 187 boards, 184 are supported
2023-05-20 14:50:03,325 [INFO] ApiDb:668 - CubeFinder database Data Model version=2.1
2023-05-20 14:50:03,325 [INFO] ApiDb:669 - CubeFinder database Configuration version=3.0.35
2023-05-20 14:50:03,325 [INFO] ApiDb:670 - CubeFinder database generation date=2023-04-03 (1680511692)
2023-05-20 14:50:03,326 [INFO] ApiDb:671 - CubeFinder database FW Pack versions=[FP-ATR-ASTRA1_V2.0.0, STM32Cube_FW_C0_V1.0.1, STM32Cube_FW_F0_V1.11.4, STM32Cube_FW_F3_V1.11.4, STM32Cube_FW_F4_V1.27.1, STM32Cube_FW_F7_V1.17.0, STM32Cube_FW_G0_V1.6.1, STM32Cube_FW_G4_V1.5.1, STM32Cube_FW_H5_V0.5.1, STM32Cube_FW_H5_V1.0.0, STM32Cube_FW_H7_V1.11.0, STM32Cube_FW_L0_V1.12.2, STM32Cube_FW_L5_V1.5.0, STM32Cube_FW_U5_V1.2.0, STM32Cube_FW_WBA_V1.0.0, STM32Cube_FW_WBA_V1.0.0RC1, STM32Cube_FW_WBA_V1.0.0RC3, STM32Cube_FW_WB_V1.15.0RC1, STM32Cube_FW_WB_V1.16.0, STM32Cube_FW_WB_V1.16.0RC2, STM32Cube_FW_WL_V1.3.0, X-CUBE-ALGOBUILD_V1.3.0, X-CUBE-ALS_V1.0.1, X-CUBE-AZRTOS-F4_V1.1.0, X-CUBE-AZRTOS-F7_V1.1.0, X-CUBE-AZRTOS-G0_V1.1.0, X-CUBE-AZRTOS-G4_V1.0.0, X-CUBE-AZRTOS-H7_V3.0.0, X-CUBE-AZRTOS-L4_V1.0.0, X-CUBE-AZRTOS-L5_V1.1.0, X-CUBE-AZRTOS-WB_V1.1.0, X-CUBE-AZRTOS-WL_V1.0.0, X-CUBE-BLE1_V6.2.4, X-CUBE-BLE2_V3.3.0, X-CUBE-BLEMGR_V1.3.0, X-CUBE-EEPRMA1_V4.1.0, X-CUBE-FREERTOS_V1.0.1, X-CUBE-GNSS1_V6.0.0, X-CUBE-MEMS1_V9.1.0, X-CUBE-MEMS1_V9.4.0, X-CUBE-MEMS1_V9.5.0, X-CUBE-NFC4_V3.0.0, X-CUBE-NFC7_V1.0.0, X-CUBE-SFXS2LP1_V4.0.0, X-CUBE-SUBG2_V5.0.0]
2023-05-20 14:50:03,649 [WARN] MainUpdater:1187 - Updater busy. Cannot search thirdparties
2023-05-20 14:50:03,649 [INFO] ThirdPartyUpdaterWithRetryManager:96 - Updater plugin is busy. [15/15]
2023-05-20 14:50:03,650 [ERROR] IntegrityCheckThread:130 - Cannot retrieve database content from updater: error -1
2023-05-20 14:50:03,651 [INFO] ThirdParty:978 - Integrity check success = false
2023-05-20 14:50:03,651 [INFO] IntegrityCheckThread:100 - exiting critical section [integrity check]
2023-05-20 14:50:03,651 [INFO] IntegrityCheckThread:103 - End integrity checks thread
2023-05-20 14:50:04,586 [INFO] ServerAccessManage:473 - Download File WES.I-CUBE-Cesium.pdsc
2023-05-20 14:50:07,186 [ERROR] ServerAccessManage:1089 - Problem, file not found on Server
2023-05-20 14:50:07,779 [INFO] ApiDb:240 - Found 297 in-development CPN: [B-G473E-ZEST1S, B-WB1M-WPAN1, B-WL5M-SUBG1, NUCLEO-C031C6, NUCLEO-H503RB, NUCLEO-H563ZI, NUCLEO-U545RE-Q, NUCLEO-U5A5ZJ-Q, NUCLEO-WBA52CG, STEVAL-PROTEUS1, STEVAL-STWINBX1, STM320518-EVAL, STM32C0116-DK, STM32C011D6Y3TR, STM32C011D6Y6TR, STM32C011F4P3, STM32C011F4P6, STM32C011F4U3, STM32C011F4U6TR, STM32C011F6P3, STM32C011F6P6, STM32C011F6U3, STM32C011F6U6TR, STM32C011J4M3, STM32C011J4M6, STM32C011J6M3, STM32C011J6M6, STM32C0316-DK, STM32C031C4T3, STM32C031C4T6, STM32C031C4U3, STM32C031C4U6, STM32C031C6T3, STM32C031C6T6, STM32C031C6U3, STM32C031C6U6, STM32C031F4P3, STM32C031F4P6, STM32C031F6P3, STM32C031F6P6, STM32C031G4U3, STM32C031G4U6, STM32C031G6U3, STM32C031G6U6, STM32C031K4T3, STM32C031K4T6, STM32C031K4U3, STM32C031K4U6, STM32C031K6T3, STM32C031K6T6, STM32C031K6U3, STM32C031K6U6, STM32G071K8TXN, STM32G071K8UXN, STM32G081GBU6N, STM32G081KBT6N, STM32G081KBUXN, STM32G0B1CCT6N, STM32G0B1KCT6, STM32G0B1NEY6TR, STM32G0B1RCT6N, STM32G0C1CCT6, STM32G0C1CCT6N, STM32G0C1CCU6N, STM32G0C1CET6N, STM32G0C1CEU6N, STM32G0C1KCT6, STM32G0C1NEY6TR, STM32G0C1RCI6N, STM32G0C1RCT6N, STM32G0C1REI6N, STM32G0C1RET6N, STM32G0C1VCI6, STM32G0C1VEI6, STM32G471CCT6, STM32G471CCU6, STM32G471CET3, STM32G471CET6, STM32G471CEU3, STM32G471CEU6, STM32G471MCT6, STM32G471MET3, STM32G471MET6, STM32G471MEY6TR, STM32G471QCT6, STM32G471QET3, STM32G471RCT6, STM32G471RET3, STM32G471RET6, STM32G471VCH6, STM32G471VCI6, STM32G471VCT6, STM32G471VEH3, STM32G471VEH6, STM32G471VEI3, STM32G471VEI6, STM32G471VET3, STM32G471VET6, STM32G474CCT6, STM32H503CBT6, STM32H503CBU6, STM32H503EBY6TR, STM32H503KBU6, STM32H503RBT6, STM32H562AGI6, STM32H562AII6, STM32H562IGK6, STM32H562IGT6, STM32H562IIK6, STM32H562IIT6, STM32H562RGT6, STM32H562RGV6, STM32H562RIT6, STM32H562RIV6, STM32H562VGT6, STM32H562VIT6, STM32H562ZGT6, STM32H562ZIT6, STM32H563AGI6, STM32H563AII3Q, STM32H563AII6, STM32H563IGK6, STM32H563IGT6, STM32H563IIK3Q, STM32H563IIK6, STM32H563IIT3Q, STM32H563IIT6, STM32H563MIY3QTR, STM32H563RGT6, STM32H563RGV6, STM32H563RIT6, STM32H563RIV6, STM32H563VGT6, STM32H563VIT3Q, STM32H563VIT6, STM32H563ZGT6, STM32H563ZIT3Q, STM32H563ZIT6, STM32H573AII3Q, STM32H573AII6, STM32H573I-DK, STM32H573IIK3Q, STM32H573IIK6, STM32H573IIT3Q, STM32H573IIT6, STM32H573MIY3QTR, STM32H573RIT6, STM32H573RIV6, STM32H573VIT3Q, STM32H573VIT6, STM32H573ZIT3Q, STM32H573ZIT6, STM32L4R5QGI6STR, STM32MP131AAE3, STM32MP131AAF3, STM32MP131AAG3, STM32MP131CAE3, STM32MP131CAF3, STM32MP131CAG3, STM32MP131DAE7, STM32MP131DAF7, STM32MP131DAG7, STM32MP131FAE7, STM32MP131FAF7, STM32MP131FAG7, STM32MP133AAE3, STM32MP133AAF3, STM32MP133AAG3, STM32MP133CAE3, STM32MP133CAF3, STM32MP133CAG3, STM32MP133DAE7, STM32MP133DAF7, STM32MP133DAG7, STM32MP133FAE7, STM32MP133FAF7, STM32MP133FAG7, STM32MP135AAE3, STM32MP135AAF3, STM32MP135AAG3, STM32MP135CAE3, STM32MP135CAF3, STM32MP135CAG3, STM32MP135DAE7, STM32MP135DAF7, STM32MP135DAG7, STM32MP135F-DK, STM32MP135FAE7, STM32MP135FAF7, STM32MP135FAF7T, STM32MP135FAF7U, STM32MP135FAG7, STM32U535CBT6, STM32U535CBT6Q, STM32U535CBU6, STM32U535CBU6Q, STM32U535CCT6, STM32U535CCT6Q, STM32U535CCU6, STM32U535CCU6Q, STM32U535CET6, STM32U535CET6Q, STM32U535CEU6, STM32U535CEU6Q, STM32U535JEY6QTR, STM32U535NCY6QTR, STM32U535NEY6QTR, STM32U535RBI6, STM32U535RBI6Q, STM32U535RBT6, STM32U535RBT6Q, STM32U535RCI6, STM32U535RCI6Q, STM32U535RCT6, STM32U535RCT6Q, STM32U535REI6, STM32U535REI6Q, STM32U535RET6, STM32U535RET6Q, STM32U535VCI6, STM32U535VCI6Q, STM32U535VCT6, STM32U535VCT6Q, STM32U535VEI6, STM32U535VEI6Q, STM32U535VET6, STM32U535VET6Q, STM32U545CET6, STM32U545CET6Q, STM32U545CEU6, STM32U545CEU6Q, STM32U545JEY6QTR, STM32U545NEY6QTR, STM32U545REI6, STM32U545REI6Q, STM32U545RET6, STM32U545RET6Q, STM32U545VEI6, STM32U545VEI6Q, STM32U545VET6, STM32U545VET6Q, STM32U595AIH6, STM32U595AIH6Q, STM32U595AJH6, STM32U595AJH6Q, STM32U595QII6, STM32U595QII6Q, STM32U595QJI6, STM32U595QJI6Q, STM32U595RIT6, STM32U595RIT6Q, STM32U595RJT6, STM32U595RJT6Q, STM32U595VIT6, STM32U595VIT6Q, STM32U595VJT6, STM32U595VJT6Q, STM32U595ZIT6, STM32U595ZIT6Q, STM32U595ZIY6QTR, STM32U595ZJT6, STM32U595ZJT6Q, STM32U595ZJY6QTR, STM32U599BJY6QTR, STM32U599NIH6Q, STM32U599NJH6Q, STM32U599VIT6Q, STM32U599VJT6, STM32U599VJT6Q, STM32U599ZIT6Q, STM32U599ZIY6QTR, STM32U599ZJT6Q, STM32U599ZJY6QTR, STM32U5A5AJH6, STM32U5A5AJH6Q, STM32U5A5QJI6, STM32U5A5QJI6Q, STM32U5A5RJT6, STM32U5A5RJT6Q, STM32U5A5VJT6, STM32U5A5VJT6Q, STM32U5A5ZJT6, STM32U5A5ZJT6Q, STM32U5A5ZJY6QTR, STM32U5A9BJY6QTR, STM32U5A9J-DK, STM32U5A9NJH6Q, STM32U5A9VJT6Q, STM32U5A9ZJT6Q, STM32U5A9ZJY6QTR, STM32WB1MMCH6, STM32WBA52CEU6, STM32WBA52CEU6T, STM32WBA52CGU6, STM32WBA52CGU6T, STM32WL5MOCH6, STM32WL5MOCH6TR]
2023-05-20 14:50:07,787 [INFO] DbMcus:216 - Found 3775 MCUs, 3775 are supported
2023-05-20 14:50:07,788 [INFO] ApiDb:414 - User favorites file not found: /home/ray/.stm32cubeide/favorites.mcus.txt
2023-05-20 14:50:07,788 [INFO] DbMcus:222 - Set 0 / 0 favorites MCUs
2023-05-20 14:50:08,082 [ERROR] ServerAccessManage:1089 - Problem, file not found on Server
2023-05-20 14:50:08,333 [WARN] CheckServerUpdateThread:151 - Open CheckUpdateFile Fail
2023-05-20 14:50:08,386 [WARN] PackLoader:240 - Cannot read IP mode file for STMicroelectronics.FP-ATR-ASTRA1.2.0.0
2023-05-20 14:50:08,400 [WARN] PackLoader:240 - Cannot read IP mode file for STMicroelectronics.FP-ATR-SIGFOX1.3.2.0
2023-05-20 14:50:08,411 [WARN] PackLoader:240 - Cannot read IP mode file for STMicroelectronics.FP-SNS-FLIGHT1.5.0.0
2023-05-20 14:50:08,418 [ERROR] RealEvaluatedCondition:428 - Found unsupported composite condition: GROUP='STM32_MetaDataManager' CLASS='Data Exchange'
2023-05-20 14:50:08,419 [ERROR] RealEvaluatedCondition:428 - Found unsupported composite condition: CLASS='Data Exchange' GROUP='STM32_MetaDataManager'
2023-05-20 14:50:08,423 [WARN] PackLoader:240 - Cannot read IP mode file for STMicroelectronics.FP-SNS-MOTENV1.4.3.0
2023-05-20 14:50:08,435 [WARN] PackLoader:240 - Cannot read IP mode file for STMicroelectronics.X-CUBE-AI.8.0.1
2023-05-20 14:50:08,451 [WARN] PackLoader:240 - Cannot read IP mode file for STMicroelectronics.X-CUBE-ALS.1.0.1
2023-05-20 14:50:08,467 [WARN] PackLoader:240 - Cannot read IP mode file for STMicroelectronics.X-CUBE-BLE1.6.2.4
2023-05-20 14:50:08,480 [WARN] PackLoader:240 - Cannot read IP mode file for STMicroelectronics.X-CUBE-BLE2.3.3.0
2023-05-20 14:50:08,481 [INFO] CheckServerUpdateThread:120 - End of CheckServer Thread
2023-05-20 14:50:08,509 [WARN] PackLoader:240 - Cannot read IP mode file for STMicroelectronics.X-CUBE-BLEMGR.2.0.0
2023-05-20 14:50:08,615 [WARN] PackLoader:240 - Cannot read IP mode file for STMicroelectronics.X-CUBE-DISPLAY.3.0.0
2023-05-20 14:50:08,673 [INFO] ApiDb:414 - User favorites file not found: /home/ray/.stm32cubeide/favorites.boards.txt
2023-05-20 14:50:08,674 [INFO] DbBoards:190 - Set 0 / 0 favorites Boards
2023-05-20 14:50:08,674 [INFO] McuFinderGlobals:66 - Set McuFinderConnectedMode to true
2023-05-20 14:50:08,726 [WARN] PackLoader:240 - Cannot read IP mode file for STMicroelectronics.X-CUBE-EEPRMA1.4.1.0
2023-05-20 14:50:08,736 [INFO] MultiScanPanel:200 - Auto-refresh data requested => check proxy status ongoing
2023-05-20 14:50:08,745 [WARN] PackLoader:240 - Cannot read IP mode file for STMicroelectronics.X-CUBE-FREERTOS.1.0.1
2023-05-20 14:50:08,750 [INFO] FinderPluginLoader:95 - Searching for filters in installed packs
2023-05-20 14:50:08,756 [WARN] PackLoader:240 - Cannot read IP mode file for STMicroelectronics.X-CUBE-GNSS1.6.0.0
2023-05-20 14:50:08,767 [WARN] PackLoader:240 - Cannot read IP mode file for STMicroelectronics.X-CUBE-ISPU.1.1.0
2023-05-20 14:50:08,926 [WARN] PackLoader:240 - Cannot read IP mode file for STMicroelectronics.X-CUBE-MEMS1.9.6.0
2023-05-20 14:50:09,320 [WARN] PackLoader:240 - Cannot read IP mode file for STMicroelectronics.X-CUBE-NFC4.3.0.0
2023-05-20 14:50:09,335 [WARN] PackLoader:240 - Cannot read IP mode file for STMicroelectronics.X-CUBE-NFC7.1.0.0
2023-05-20 14:50:09,355 [WARN] PackLoader:240 - Cannot read IP mode file for STMicroelectronics.X-CUBE-SFXS2LP1.4.0.0
2023-05-20 14:50:09,383 [WARN] PackLoader:240 - Cannot read IP mode file for STMicroelectronics.X-CUBE-SUBG2.5.0.0
2023-05-20 14:50:09,413 [WARN] PackLoader:240 - Cannot read IP mode file for STMicroelectronics.X-CUBE-SMBUS.2.1.0
2023-05-20 14:50:09,502 [WARN] PackLoader:240 - Cannot read IP mode file for STMicroelectronics.X-CUBE-TOF1.3.3.0
2023-05-20 14:50:09,545 [WARN] PackLoader:240 - Cannot read IP mode file for STMicroelectronics.X-CUBE-TOUCHGFX.4.21.4
2023-05-20 14:50:09,573 [WARN] PackLoader:240 - Cannot read IP mode file for STMicroelectronics.X-CUBE-ALGOBUILD.1.3.0
2023-05-20 14:50:09,625 [WARN] ConditionMgr:438 - getConditionDescription Invalid condition id : UX DEVICE CLASS RTOS Condition cause : null
2023-05-20 14:50:09,625 [WARN] ConditionMgr:438 - getConditionDescription Invalid condition id : UX DEVICE CLASS RTOS Condition cause : null
2023-05-20 14:50:09,637 [WARN] PackLoader:240 - Cannot read IP mode file for STMicroelectronics.X-CUBE-AZRTOS-H7.3.1.0
2023-05-20 14:50:09,639 [WARN] ConditionMgr:1039 - genDependencies : Invalid condition id : UX DEVICE CLASS RTOS Condition cause : null
2023-05-20 14:50:09,640 [WARN] ConditionMgr:1039 - genDependencies : Invalid condition id : UX DEVICE CLASS RTOS Condition cause : null
2023-05-20 14:50:09,641 [WARN] ConditionMgr:1039 - genDependencies : Invalid condition id : UX DEVICE CLASS RTOS Condition cause : null
2023-05-20 14:50:09,643 [WARN] ConditionMgr:1039 - genDependencies : Invalid condition id : UX DEVICE CLASS RTOS Condition cause : null
2023-05-20 14:50:09,643 [WARN] ConditionMgr:1039 - genDependencies : Invalid condition id : UX DEVICE CLASS RTOS Condition cause : null
2023-05-20 14:50:09,699 [WARN] PackLoader:240 - Cannot read IP mode file for STMicroelectronics.X-CUBE-AZRTOS-F4.1.1.0
2023-05-20 14:50:09,743 [WARN] PackLoader:240 - Cannot read IP mode file for STMicroelectronics.X-CUBE-AZRTOS-F7.1.1.0
2023-05-20 14:50:09,788 [WARN] PackLoader:240 - Cannot read IP mode file for STMicroelectronics.X-CUBE-AZRTOS-L4.1.0.0
2023-05-20 14:50:09,825 [WARN] PackLoader:240 - Cannot read IP mode file for STMicroelectronics.X-CUBE-AZRTOS-L5.1.1.0
2023-05-20 14:50:09,863 [WARN] PackLoader:240 - Cannot read IP mode file for STMicroelectronics.X-CUBE-AZRTOS-G0.1.1.0
2023-05-20 14:50:09,898 [WARN] PackLoader:240 - Cannot read IP mode file for STMicroelectronics.X-CUBE-AZRTOS-G4.2.0.0
2023-05-20 14:50:09,933 [WARN] PackLoader:240 - Cannot read IP mode file for STMicroelectronics.X-CUBE-AZRTOS-WB.1.1.0
2023-05-20 14:50:09,962 [WARN] PackLoader:240 - Cannot read IP mode file for STMicroelectronics.X-CUBE-AZRTOS-WL.1.0.0
2023-05-20 14:50:09,971 [WARN] PackLoader:240 - Cannot read IP mode file for wolfSSL.I-CUBE-wolfSSL.5.6.0
2023-05-20 14:50:10,062 [WARN] PackLoader:240 - Cannot read IP mode file for SEGGER.I-CUBE-embOS.1.3.1
2023-05-20 14:50:10,202 [WARN] PackLoader:240 - Cannot read IP mode file for portGmbH.I-Cube-SoM-uGOAL.1.1.0
2023-05-20 14:50:10,224 [WARN] PackLoader:240 - Cannot read IP mode file for emotas.I-CUBE-CANOPEN.1.1.3
2023-05-20 14:50:10,236 [WARN] PackLoader:240 - Cannot read IP mode file for WES.I-CUBE-Cesium.1.3.0
2023-05-20 14:50:10,239 [INFO] PopulateThirdPartyThread:66 - Ending populate Thread
2023-05-20 14:50:10,245 [INFO] ThirdParty:1030 - CMSIS Pack Vendor :STMicroelectronics X-CUBE-ISPU 1.1.0
2023-05-20 14:50:10,245 [INFO] ThirdParty:1030 - CMSIS Pack Vendor :STMicroelectronics X-CUBE-DISPLAY 3.0.0
2023-05-20 14:50:10,245 [INFO] ThirdParty:1030 - CMSIS Pack Vendor :STMicroelectronics X-CUBE-GNSS1 6.0.0
2023-05-20 14:50:10,245 [INFO] ThirdParty:1030 - CMSIS Pack Vendor :STMicroelectronics X-CUBE-AZRTOS-F4 1.1.0
2023-05-20 14:50:10,245 [INFO] ThirdParty:1030 - CMSIS Pack Vendor :STMicroelectronics FP-ATR-SIGFOX1 3.2.0
2023-05-20 14:50:10,245 [INFO] ThirdParty:1030 - CMSIS Pack Vendor :STMicroelectronics X-CUBE-SMBUS 2.1.0
2023-05-20 14:50:10,246 [INFO] ThirdParty:1030 - CMSIS Pack Vendor :STMicroelectronics X-CUBE-AZRTOS-L4 1.0.0
2023-05-20 14:50:10,246 [INFO] ThirdParty:1030 - CMSIS Pack Vendor :wolfSSL I-CUBE-wolfSSL 5.6.0
2023-05-20 14:50:10,246 [INFO] ThirdParty:1030 - CMSIS Pack Vendor :STMicroelectronics X-CUBE-FREERTOS 1.0.1
2023-05-20 14:50:10,246 [INFO] ThirdParty:1030 - CMSIS Pack Vendor :STMicroelectronics X-CUBE-NFC7 1.0.0
2023-05-20 14:50:10,246 [INFO] ThirdParty:1030 - CMSIS Pack Vendor :STMicroelectronics X-CUBE-AZRTOS-WL 1.0.0
2023-05-20 14:50:10,248 [INFO] ThirdParty:1030 - CMSIS Pack Vendor :STMicroelectronics X-CUBE-TOUCHGFX 4.21.4
2023-05-20 14:50:10,248 [INFO] ThirdParty:1030 - CMSIS Pack Vendor :STMicroelectronics X-CUBE-AZRTOS-F7 1.1.0
2023-05-20 14:50:10,248 [INFO] ThirdParty:1030 - CMSIS Pack Vendor :STMicroelectronics X-CUBE-ALS 1.0.1
2023-05-20 14:50:10,249 [INFO] ThirdParty:1030 - CMSIS Pack Vendor :STMicroelectronics X-CUBE-EEPRMA1 4.1.0
2023-05-20 14:50:10,249 [INFO] ThirdParty:1030 - CMSIS Pack Vendor :portGmbH I-Cube-SoM-uGOAL 1.1.0
2023-05-20 14:50:10,249 [INFO] ThirdParty:1030 - CMSIS Pack Vendor :STMicroelectronics X-CUBE-MEMS1 9.6.0
2023-05-20 14:50:10,249 [INFO] ThirdParty:1030 - CMSIS Pack Vendor :STMicroelectronics FP-SNS-MOTENV1 4.3.0
2023-05-20 14:50:10,249 [INFO] ThirdParty:1030 - CMSIS Pack Vendor :STMicroelectronics X-CUBE-AZRTOS-WB 1.1.0
2023-05-20 14:50:10,249 [INFO] ThirdParty:1030 - CMSIS Pack Vendor :STMicroelectronics FP-SNS-FLIGHT1 5.0.0
2023-05-20 14:50:10,249 [INFO] ThirdParty:1030 - CMSIS Pack Vendor :STMicroelectronics X-CUBE-ALGOBUILD 1.3.0
2023-05-20 14:50:10,250 [INFO] ThirdParty:1030 - CMSIS Pack Vendor :SEGGER I-CUBE-embOS 1.3.1
2023-05-20 14:50:10,250 [INFO] ThirdParty:1030 - CMSIS Pack Vendor :STMicroelectronics X-CUBE-BLE1 6.2.4
2023-05-20 14:50:10,250 [INFO] ThirdParty:1030 - CMSIS Pack Vendor :STMicroelectronics X-CUBE-AZRTOS-L5 1.1.0
2023-05-20 14:50:10,250 [INFO] ThirdParty:1030 - CMSIS Pack Vendor :STMicroelectronics X-CUBE-AZRTOS-G0 1.1.0
2023-05-20 14:50:10,250 [INFO] ThirdParty:1030 - CMSIS Pack Vendor :emotas I-CUBE-CANOPEN 1.1.3
2023-05-20 14:50:10,250 [INFO] ThirdParty:1030 - CMSIS Pack Vendor :STMicroelectronics X-CUBE-AI 8.0.1
2023-05-20 14:50:10,250 [INFO] ThirdParty:1030 - CMSIS Pack Vendor :STMicroelectronics X-CUBE-BLEMGR 2.0.0
2023-05-20 14:50:10,250 [INFO] ThirdParty:1030 - CMSIS Pack Vendor :STMicroelectronics X-CUBE-NFC4 3.0.0
2023-05-20 14:50:10,250 [INFO] ThirdParty:1030 - CMSIS Pack Vendor :STMicroelectronics X-CUBE-SUBG2 5.0.0
2023-05-20 14:50:10,250 [INFO] ThirdParty:1030 - CMSIS Pack Vendor :STMicroelectronics FP-ATR-ASTRA1 2.0.0
2023-05-20 14:50:10,251 [INFO] ThirdParty:1030 - CMSIS Pack Vendor :WES I-CUBE-Cesium 1.3.0
2023-05-20 14:50:10,251 [INFO] ThirdParty:1030 - CMSIS Pack Vendor :STMicroelectronics X-CUBE-SFXS2LP1 4.0.0
2023-05-20 14:50:10,251 [INFO] ThirdParty:1030 - CMSIS Pack Vendor :STMicroelectronics X-CUBE-BLE2 3.3.0
2023-05-20 14:50:10,251 [INFO] ThirdParty:1030 - CMSIS Pack Vendor :STMicroelectronics X-CUBE-AZRTOS-G4 2.0.0
2023-05-20 14:50:10,251 [INFO] ThirdParty:1030 - CMSIS Pack Vendor :STMicroelectronics X-CUBE-TOF1 3.3.0
2023-05-20 14:50:10,251 [INFO] ThirdParty:1030 - CMSIS Pack Vendor :STMicroelectronics X-CUBE-AZRTOS-H7 3.1.0
2023-05-20 14:50:10,253 [INFO] LoadServerUpdatesThread:373 - End of LoadServerUpdate Thread
2023-05-20 14:50:13,441 [INFO] ServerAccessManage:473 - Download File 
2023-05-20 14:50:13,498 [INFO] LoadUrlFilesThread:185 - End of LoadServerUrlFiles without Thread
2023-05-20 14:50:13,515 [INFO] DetailPanel:341 - Set advertising image to /home/ray/STM32Cube/Repository//en.Prom_NBSTM32U50921.jpg
2023-05-20 14:53:34,170 [INFO] MainUpdater:2854 - connection check result : 10
2023-05-20 14:53:34,172 [INFO] MainUpdater:2854 - connection check result : 10
2023-05-20 14:53:34,219 [INFO] MicroXplorer:468 - Change Database Path : 
2023-05-20 14:53:34,219 [INFO] MicroXplorer:498 - Change Database Version : DB.6.0.81
2023-05-20 14:53:34,219 [WARN] ThirdParty:871 - waiting for thirdparty lock release [close project]
2023-05-20 14:53:34,219 [INFO] ThirdParty:873 - entering critical section [close project]
2023-05-20 14:53:34,221 [INFO] ThirdParty:883 - exiting critical section [close project]
2023-05-20 14:53:34,231 [INFO] PinOutPanel:1499 - setPackage(No Configuration,No Configuration)
2023-05-20 14:53:34,243 [INFO] UtilMem:75 - Begin LoadConfig() Used Memory: 471929968 Bytes (765460480)
2023-05-20 14:54:09,228 [INFO] ServerAccessManage:473 - Download File stm32cube_db_v6080.zip
2023-05-20 14:54:24,667 [INFO] FileExtend:240 - Unzip File : stm32cube_db_v6080.zip
2023-05-20 14:54:24,668 [INFO] FileExtend:255 - Standard Zip Deflate
2023-05-20 14:54:28,795 [INFO] LoadServerPackagesThread:196 - End of LoadServerPackages Thread
2023-05-20 14:54:29,039 [INFO] CheckServerUpdateThread:120 - End of CheckServer Thread
2023-05-20 14:54:30,101 [INFO] ServerAccessManage:473 - Download File stm32cube_fw_g4_v150.zip
2023-05-20 14:58:03,563 [INFO] AnalyticsPlugin:368 - Accepted License(s): [FW.G4.1.5.0]
2023-05-20 14:58:03,569 [INFO] FileExtend:240 - Unzip File : stm32cube_fw_g4_v150.zip
2023-05-20 14:58:03,570 [INFO] FileExtend:255 - Standard Zip Deflate
2023-05-20 14:58:18,142 [INFO] ServerAccessManage:473 - Download File stm32cube_fw_g4_v151.zip
2023-05-20 14:58:18,366 [INFO] FileExtend:240 - Unzip File : stm32cube_fw_g4_v151.zip
2023-05-20 14:58:18,366 [INFO] FileExtend:255 - Standard Zip Deflate
2023-05-20 14:58:18,952 [INFO] LoadServerPackagesThread:196 - End of LoadServerPackages Thread
2023-05-20 14:58:19,174 [INFO] CheckServerUpdateThread:120 - End of CheckServer Thread
2023-05-20 14:58:19,190 [INFO] MicroXplorer:468 - Change Database Path : /home/ray/.stm32cubemx/databases/DB.6.0.80/db/
2023-05-20 14:58:19,190 [INFO] MicroXplorer:498 - Change Database Version : DB.6.0.80
2023-05-20 14:58:19,193 [INFO] OpenFileManager:308 - Change cursor
2023-05-20 14:58:19,271 [WARN] IntegrityCheckThread:84 - waiting for thirdparty lock release [integrity check]
2023-05-20 14:58:19,271 [INFO] IntegrityCheckThread:86 - entering critical section [integrity check]
2023-05-20 14:58:19,657 [WARN] PackLoader:240 - Cannot read IP mode file for STMicroelectronics.X-CUBE-GNSS1.6.0.0
2023-05-20 14:58:19,688 [WARN] PackLoader:240 - Cannot read IP mode file for STMicroelectronics.X-CUBE-AZRTOS-F4.1.1.0
2023-05-20 14:58:19,699 [WARN] PackLoader:240 - Cannot read IP mode file for STMicroelectronics.X-CUBE-SMBUS.2.1.0
2023-05-20 14:58:19,704 [WARN] PackLoader:240 - Cannot read IP mode file for wolfSSL.I-CUBE-wolfSSL.5.6.0
2023-05-20 14:58:19,735 [WARN] PackLoader:240 - Cannot read IP mode file for STMicroelectronics.X-CUBE-AZRTOS-F7.1.1.0
2023-05-20 14:58:19,826 [WARN] PackLoader:240 - Cannot read IP mode file for STMicroelectronics.X-CUBE-MEMS1.9.6.0
2023-05-20 14:58:20,158 [ERROR] RealEvaluatedCondition:428 - Found unsupported composite condition: GROUP='STM32_MetaDataManager' CLASS='Data Exchange'
2023-05-20 14:58:20,159 [ERROR] RealEvaluatedCondition:428 - Found unsupported composite condition: CLASS='Data Exchange' GROUP='STM32_MetaDataManager'
2023-05-20 14:58:20,160 [WARN] PackLoader:240 - Cannot read IP mode file for STMicroelectronics.FP-SNS-MOTENV1.4.3.0
2023-05-20 14:58:20,168 [WARN] PackLoader:240 - Cannot read IP mode file for STMicroelectronics.FP-SNS-FLIGHT1.5.0.0
2023-05-20 14:58:20,176 [WARN] PackLoader:240 - Cannot read IP mode file for STMicroelectronics.X-CUBE-BLE1.6.2.4
2023-05-20 14:58:20,186 [WARN] PackLoader:240 - Cannot read IP mode file for emotas.I-CUBE-CANOPEN.1.1.3
2023-05-20 14:58:20,198 [WARN] PackLoader:240 - Cannot read IP mode file for STMicroelectronics.X-CUBE-BLEMGR.2.0.0
2023-05-20 14:58:20,228 [WARN] ConditionMgr:438 - getConditionDescription Invalid condition id : UX DEVICE CLASS RTOS Condition cause : null
2023-05-20 14:58:20,229 [WARN] ConditionMgr:438 - getConditionDescription Invalid condition id : UX DEVICE CLASS RTOS Condition cause : null
2023-05-20 14:58:20,235 [WARN] PackLoader:240 - Cannot read IP mode file for STMicroelectronics.X-CUBE-AZRTOS-H7.3.1.0
2023-05-20 14:58:20,237 [WARN] ConditionMgr:1039 - genDependencies : Invalid condition id : UX DEVICE CLASS RTOS Condition cause : null
2023-05-20 14:58:20,237 [WARN] ConditionMgr:1039 - genDependencies : Invalid condition id : UX DEVICE CLASS RTOS Condition cause : null
2023-05-20 14:58:20,239 [WARN] ConditionMgr:1039 - genDependencies : Invalid condition id : UX DEVICE CLASS RTOS Condition cause : null
2023-05-20 14:58:20,240 [WARN] ConditionMgr:1039 - genDependencies : Invalid condition id : UX DEVICE CLASS RTOS Condition cause : null
2023-05-20 14:58:20,240 [WARN] ConditionMgr:1039 - genDependencies : Invalid condition id : UX DEVICE CLASS RTOS Condition cause : null
2023-05-20 14:58:20,251 [WARN] PackLoader:240 - Cannot read IP mode file for STMicroelectronics.X-CUBE-DISPLAY.3.0.0
2023-05-20 14:58:20,263 [WARN] PackLoader:240 - Cannot read IP mode file for STMicroelectronics.X-CUBE-NFC7.1.0.0
2023-05-20 14:58:20,272 [WARN] PackLoader:240 - Cannot read IP mode file for STMicroelectronics.X-CUBE-EEPRMA1.4.1.0
2023-05-20 14:58:20,284 [WARN] PackLoader:240 - Cannot read IP mode file for WES.I-CUBE-Cesium.1.3.0
2023-05-20 14:58:20,293 [WARN] PackLoader:240 - Cannot read IP mode file for STMicroelectronics.X-CUBE-SFXS2LP1.4.0.0
2023-05-20 14:58:20,364 [WARN] PackLoader:240 - Cannot read IP mode file for STMicroelectronics.X-CUBE-BLE2.3.3.0
2023-05-20 14:58:20,376 [WARN] PackLoader:240 - Cannot read IP mode file for STMicroelectronics.X-CUBE-ISPU.1.1.0
2023-05-20 14:58:20,382 [WARN] PackLoader:240 - Cannot read IP mode file for STMicroelectronics.X-CUBE-FREERTOS.1.0.1
2023-05-20 14:58:20,386 [WARN] PackLoader:240 - Cannot read IP mode file for STMicroelectronics.X-CUBE-TOUCHGFX.4.21.4
2023-05-20 14:58:20,391 [WARN] PackLoader:240 - Cannot read IP mode file for STMicroelectronics.X-CUBE-ALGOBUILD.1.3.0
2023-05-20 14:58:20,414 [WARN] PackLoader:240 - Cannot read IP mode file for STMicroelectronics.X-CUBE-AZRTOS-L5.1.1.0
2023-05-20 14:58:20,443 [WARN] PackLoader:240 - Cannot read IP mode file for STMicroelectronics.X-CUBE-AZRTOS-G0.1.1.0
2023-05-20 14:58:20,451 [WARN] PackLoader:240 - Cannot read IP mode file for STMicroelectronics.X-CUBE-AI.8.0.1
2023-05-20 14:58:20,466 [WARN] PackLoader:240 - Cannot read IP mode file for STMicroelectronics.X-CUBE-SUBG2.5.0.0
2023-05-20 14:58:20,490 [WARN] PackLoader:240 - Cannot read IP mode file for STMicroelectronics.X-CUBE-NFC4.3.0.0
2023-05-20 14:58:20,511 [WARN] PackLoader:240 - Cannot read IP mode file for STMicroelectronics.X-CUBE-AZRTOS-G4.2.0.0
2023-05-20 14:58:20,534 [WARN] PackLoader:240 - Cannot read IP mode file for STMicroelectronics.X-CUBE-TOF1.3.3.0
2023-05-20 14:58:20,548 [WARN] PackLoader:240 - Cannot read IP mode file for STMicroelectronics.FP-ATR-SIGFOX1.3.2.0
2023-05-20 14:58:20,577 [WARN] PackLoader:240 - Cannot read IP mode file for STMicroelectronics.X-CUBE-AZRTOS-L4.1.0.0
2023-05-20 14:58:20,611 [WARN] PackLoader:240 - Cannot read IP mode file for STMicroelectronics.X-CUBE-AZRTOS-WL.1.0.0
2023-05-20 14:58:20,620 [WARN] PackLoader:240 - Cannot read IP mode file for portGmbH.I-Cube-SoM-uGOAL.1.1.0
2023-05-20 14:58:20,625 [WARN] PackLoader:240 - Cannot read IP mode file for STMicroelectronics.X-CUBE-ALS.1.0.1
2023-05-20 14:58:20,641 [WARN] PackLoader:240 - Cannot read IP mode file for STMicroelectronics.X-CUBE-AZRTOS-WB.1.1.0
2023-05-20 14:58:20,679 [WARN] PackLoader:240 - Cannot read IP mode file for SEGGER.I-CUBE-embOS.1.3.1
2023-05-20 14:58:20,767 [WARN] PackLoader:240 - Cannot read IP mode file for STMicroelectronics.FP-ATR-ASTRA1.2.0.0
2023-05-20 14:58:20,768 [INFO] ThirdParty:978 - Integrity check success = true
2023-05-20 14:58:20,768 [INFO] IntegrityCheckThread:100 - exiting critical section [integrity check]
2023-05-20 14:58:20,768 [INFO] IntegrityCheckThread:103 - End integrity checks thread
2023-05-20 14:58:20,828 [INFO] Mcu:1937 - Initializing MCU STM32G474R(B-C-E)Tx STM32G474RETx STM32G474RET6
2023-05-20 14:58:30,510 [INFO] Context:659 - Trying to add GPIOservice into a context  which must be forbidden
2023-05-20 14:58:35,815 [INFO] RtosManager:555 - Registered RTOS mode: class=CMSIS, group=RTOS, mode=CMSIS_V1, owner=FREERTOS
2023-05-20 14:58:35,815 [INFO] RtosManager:555 - Registered RTOS mode: class=CMSIS, group=RTOS2, mode=CMSIS_V2, owner=FREERTOS
2023-05-20 14:58:35,815 [INFO] RtosManager:555 - Registered RTOS mode: class=RTOS, group=Core, mode=CMSIS_V1, owner=FREERTOS
2023-05-20 14:58:35,816 [INFO] RtosManager:555 - Registered RTOS mode: class=RTOS, group=Core, mode=CMSIS_V2, owner=FREERTOS
2023-05-20 14:58:35,816 [WARN] ModelIntegratedComponent:184 - Missing modes for component STMicroelectronics:FreeRTOS:0.0.1:STMicroelectronics:RTOS:FreeRTOS:Core:::10.2.0:
2023-05-20 14:58:35,874 [WARN] ModelIntegratedComponent:63 - No mode defined for component null
2023-05-20 14:58:35,874 [WARN] ModelIntegratedComponent:63 - No mode defined for component null
2023-05-20 14:58:35,874 [WARN] ModelIntegratedComponent:63 - No mode defined for component null
2023-05-20 14:58:35,874 [WARN] ModelIntegratedComponent:63 - No mode defined for component null
2023-05-20 14:58:35,874 [WARN] ModelIntegratedComponent:63 - No mode defined for component null
2023-05-20 14:58:35,874 [WARN] ModelIntegratedComponent:63 - No mode defined for component null
2023-05-20 14:58:35,875 [WARN] ModelIntegratedComponent:63 - No mode defined for component null
2023-05-20 14:58:35,875 [WARN] ModelIntegratedComponent:63 - No mode defined for component null
2023-05-20 14:58:35,875 [WARN] ModelIntegratedComponent:63 - No mode defined for component null
2023-05-20 14:58:35,875 [WARN] ModelIntegratedComponent:63 - No mode defined for component null
2023-05-20 14:58:35,875 [WARN] ModelIntegratedComponent:63 - No mode defined for component null
2023-05-20 14:58:35,875 [WARN] ModelIntegratedComponent:63 - No mode defined for component null
2023-05-20 14:58:35,875 [WARN] ModelIntegratedComponent:63 - No mode defined for component null
2023-05-20 14:58:35,875 [WARN] ModelIntegratedComponent:63 - No mode defined for component null
2023-05-20 14:58:35,876 [WARN] ModelIntegratedComponent:63 - No mode defined for component null
2023-05-20 14:58:35,876 [WARN] ModelIntegratedComponent:63 - No mode defined for component null
2023-05-20 14:58:35,876 [WARN] ModelIntegratedComponent:63 - No mode defined for component null
2023-05-20 14:58:35,876 [WARN] ModelIntegratedComponent:63 - No mode defined for component null
2023-05-20 14:58:35,876 [WARN] ModelIntegratedComponent:63 - No mode defined for component null
2023-05-20 14:58:35,876 [WARN] ModelIntegratedComponent:63 - No mode defined for component null
2023-05-20 14:58:35,876 [WARN] ModelIntegratedComponent:63 - No mode defined for component null
2023-05-20 14:58:35,876 [WARN] ModelIntegratedComponent:63 - No mode defined for component null
2023-05-20 14:58:35,877 [WARN] ModelIntegratedComponent:63 - No mode defined for component null
2023-05-20 14:58:35,877 [WARN] ModelIntegratedComponent:63 - No mode defined for component null
2023-05-20 14:58:35,877 [WARN] ModelIntegratedComponent:63 - No mode defined for component null
2023-05-20 14:58:35,877 [WARN] ModelIntegratedComponent:63 - No mode defined for component null
2023-05-20 14:58:35,877 [WARN] ModelIntegratedComponent:63 - No mode defined for component null
2023-05-20 14:58:35,877 [WARN] ModelIntegratedComponent:63 - No mode defined for component null
2023-05-20 14:58:35,877 [WARN] ModelIntegratedComponent:63 - No mode defined for component null
2023-05-20 14:58:35,877 [WARN] ModelIntegratedComponent:63 - No mode defined for component null
2023-05-20 14:58:35,877 [WARN] ModelIntegratedComponent:63 - No mode defined for component null
2023-05-20 14:58:35,877 [WARN] ModelIntegratedComponent:63 - No mode defined for component null
2023-05-20 14:58:35,877 [WARN] ModelIntegratedComponent:63 - No mode defined for component null
2023-05-20 14:58:36,022 [INFO] ThirdPartyModel:298 - Start build external matchings
2023-05-20 14:58:36,413 [INFO] ThirdPartyModel:316 - End build external matchings
2023-05-20 14:58:36,513 [INFO] ImportTextPane:194 - (OptionalMessage_ERROR) IP (RCC) : Invalid parameter (FamilyName)
2023-05-20 14:58:36,518 [INFO] ImportTextPane:194 - (OptionalMessage_ERROR) IP (RCC) : Parameter (RNGFreq_Value) has invalid value (170000000)
2023-05-20 14:58:36,519 [INFO] ImportTextPane:194 - (OptionalMessage_ERROR) IP (RCC) : Parameter (USBFreq_Value) has invalid value (170000000)
2023-05-20 14:58:37,511 [INFO] UtilMem:75 - End LoadConfig() Used Memory: 473695632 Bytes (1073741824)
2023-05-20 14:58:38,104 [WARN] ThirdParty:833 - waiting for thirdparty lock release [change project]
2023-05-20 14:58:38,105 [INFO] ThirdParty:835 - entering critical section [change project]
2023-05-20 14:58:38,105 [INFO] ThirdParty:1030 - CMSIS Pack Vendor :STMicroelectronics X-CUBE-ISPU 1.1.0
2023-05-20 14:58:38,105 [INFO] ThirdParty:1030 - CMSIS Pack Vendor :STMicroelectronics X-CUBE-GNSS1 6.0.0
2023-05-20 14:58:38,105 [INFO] ThirdParty:1030 - CMSIS Pack Vendor :STMicroelectronics USB_HOST 2.0.0
2023-05-20 14:58:38,105 [INFO] ThirdParty:1030 - CMSIS Pack Vendor :STMicroelectronics X-CUBE-AZRTOS-F4 1.1.0
2023-05-20 14:58:38,105 [INFO] ThirdParty:1030 - CMSIS Pack Vendor :STMicroelectronics LIBJPEG 8.0.0
2023-05-20 14:58:38,105 [INFO] ThirdParty:1030 - CMSIS Pack Vendor :STMicroelectronics X-CUBE-SMBUS 2.1.0
2023-05-20 14:58:38,105 [INFO] ThirdParty:1030 - CMSIS Pack Vendor :wolfSSL I-CUBE-wolfSSL 5.6.0
2023-05-20 14:58:38,105 [INFO] ThirdParty:1030 - CMSIS Pack Vendor :STMicroelectronics USB_DEVICE 3.0.0
2023-05-20 14:58:38,105 [INFO] ThirdParty:1030 - CMSIS Pack Vendor :STMicroelectronics X-CUBE-FREERTOS 1.0.1
2023-05-20 14:58:38,105 [INFO] ThirdParty:1030 - CMSIS Pack Vendor :STMicroelectronics X-CUBE-AZRTOS-F7 1.1.0
2023-05-20 14:58:38,106 [INFO] ThirdParty:1030 - CMSIS Pack Vendor :STMicroelectronics X-CUBE-TOUCHGFX 4.21.4
2023-05-20 14:58:38,106 [INFO] ThirdParty:1030 - CMSIS Pack Vendor :STMicroelectronics USB_DEVICE 2.0.0
2023-05-20 14:58:38,106 [INFO] ThirdParty:1030 - CMSIS Pack Vendor :STMicroelectronics X-CUBE-MEMS1 9.6.0
2023-05-20 14:58:38,106 [INFO] ThirdParty:1030 - CMSIS Pack Vendor :STMicroelectronics FP-SNS-MOTENV1 4.3.0
2023-05-20 14:58:38,106 [INFO] ThirdParty:1030 - CMSIS Pack Vendor :STMicroelectronics FP-SNS-FLIGHT1 5.0.0
2023-05-20 14:58:38,106 [INFO] ThirdParty:1030 - CMSIS Pack Vendor :STMicroelectronics X-CUBE-ALGOBUILD 1.3.0
2023-05-20 14:58:38,106 [INFO] ThirdParty:1030 - CMSIS Pack Vendor :STMicroelectronics X-CUBE-BLE1 6.2.4
2023-05-20 14:58:38,106 [INFO] ThirdParty:1030 - CMSIS Pack Vendor :STMicroelectronics X-CUBE-AZRTOS-L5 1.1.0
2023-05-20 14:58:38,106 [INFO] ThirdParty:1030 - CMSIS Pack Vendor :STMicroelectronics FreeRTOS 0.0.1
2023-05-20 14:58:38,106 [INFO] ThirdParty:1030 - CMSIS Pack Vendor :emotas I-CUBE-CANOPEN 1.1.3
2023-05-20 14:58:38,106 [INFO] ThirdParty:1030 - CMSIS Pack Vendor :STMicroelectronics X-CUBE-AZRTOS-G0 1.1.0
2023-05-20 14:58:38,107 [INFO] ThirdParty:1030 - CMSIS Pack Vendor :STMicroelectronics X-CUBE-BLEMGR 2.0.0
2023-05-20 14:58:38,107 [INFO] ThirdParty:1030 - CMSIS Pack Vendor :STMicroelectronics X-CUBE-AI 8.0.1
2023-05-20 14:58:38,107 [INFO] ThirdParty:1030 - CMSIS Pack Vendor :STMicroelectronics X-CUBE-SUBG2 5.0.0
2023-05-20 14:58:38,107 [INFO] ThirdParty:1030 - CMSIS Pack Vendor :STMicroelectronics X-CUBE-NFC4 3.0.0
2023-05-20 14:58:38,107 [INFO] ThirdParty:1030 - CMSIS Pack Vendor :STMicroelectronics STM32_WPAN 1.0.0
2023-05-20 14:58:38,107 [INFO] ThirdParty:1030 - CMSIS Pack Vendor :STMicroelectronics lwIP 2.0.3
2023-05-20 14:58:38,107 [INFO] ThirdParty:1030 - CMSIS Pack Vendor :STMicroelectronics USB_HOST 1.0.0
2023-05-20 14:58:38,107 [INFO] ThirdParty:1030 - CMSIS Pack Vendor :STMicroelectronics X-CUBE-AZRTOS-G4 2.0.0
2023-05-20 14:58:38,107 [INFO] ThirdParty:1030 - CMSIS Pack Vendor :STMicroelectronics PDM2PCM 3.1.0
2023-05-20 14:58:38,107 [INFO] ThirdParty:1030 - CMSIS Pack Vendor :STMicroelectronics X-CUBE-AZRTOS-H7 3.1.0
2023-05-20 14:58:38,107 [INFO] ThirdParty:1030 - CMSIS Pack Vendor :STMicroelectronics X-CUBE-TOF1 3.3.0
2023-05-20 14:58:38,108 [INFO] ThirdParty:1030 - CMSIS Pack Vendor :STMicroelectronics PDM2PCM 3.3.0
2023-05-20 14:58:38,108 [INFO] ThirdParty:1030 - CMSIS Pack Vendor :STMicroelectronics X-CUBE-DISPLAY 3.0.0
2023-05-20 14:58:38,108 [INFO] ThirdParty:1030 - CMSIS Pack Vendor :STMicroelectronics FP-ATR-SIGFOX1 3.2.0
2023-05-20 14:58:38,108 [INFO] ThirdParty:1030 - CMSIS Pack Vendor :STMicroelectronics X-CUBE-AZRTOS-L4 1.0.0
2023-05-20 14:58:38,108 [INFO] ThirdParty:1030 - CMSIS Pack Vendor :STMicroelectronics HAL Drivers 0.0.0
2023-05-20 14:58:38,108 [INFO] ThirdParty:1030 - CMSIS Pack Vendor :STMicroelectronics MBEDTLS 2.16.2
2023-05-20 14:58:38,108 [INFO] ThirdParty:1030 - CMSIS Pack Vendor :STMicroelectronics MBEDTLS 2.14.1
2023-05-20 14:58:38,108 [INFO] ThirdParty:1030 - CMSIS Pack Vendor :STMicroelectronics X-CUBE-NFC7 1.0.0
2023-05-20 14:58:38,108 [INFO] ThirdParty:1030 - CMSIS Pack Vendor :STMicroelectronics X-CUBE-AZRTOS-WL 1.0.0
2023-05-20 14:58:38,108 [INFO] ThirdParty:1030 - CMSIS Pack Vendor :STMicroelectronics X-CUBE-EEPRMA1 4.1.0
2023-05-20 14:58:38,109 [INFO] ThirdParty:1030 - CMSIS Pack Vendor :portGmbH I-Cube-SoM-uGOAL 1.1.0
2023-05-20 14:58:38,109 [INFO] ThirdParty:1030 - CMSIS Pack Vendor :STMicroelectronics X-CUBE-ALS 1.0.1
2023-05-20 14:58:38,109 [INFO] ThirdParty:1030 - CMSIS Pack Vendor :STMicroelectronics ThreadX 1.0.0
2023-05-20 14:58:38,109 [INFO] ThirdParty:1030 - CMSIS Pack Vendor :STMicroelectronics X-CUBE-AZRTOS-WB 1.1.0
2023-05-20 14:58:38,109 [INFO] ThirdParty:1030 - CMSIS Pack Vendor :SEGGER I-CUBE-embOS 1.3.1
2023-05-20 14:58:38,109 [INFO] ThirdParty:1030 - CMSIS Pack Vendor :STMicroelectronics USB_DEVICE 1.0.0
2023-05-20 14:58:38,109 [INFO] ThirdParty:1030 - CMSIS Pack Vendor :STMicroelectronics ThreadX 0.0.2
2023-05-20 14:58:38,109 [INFO] ThirdParty:1030 - CMSIS Pack Vendor :WES I-CUBE-Cesium 1.3.0
2023-05-20 14:58:38,109 [INFO] ThirdParty:1030 - CMSIS Pack Vendor :STMicroelectronics FP-ATR-ASTRA1 2.0.0
2023-05-20 14:58:38,109 [INFO] ThirdParty:1030 - CMSIS Pack Vendor :STMicroelectronics lwIP 2.1.2
2023-05-20 14:58:38,109 [INFO] ThirdParty:1030 - CMSIS Pack Vendor :STMicroelectronics X-CUBE-SFXS2LP1 4.0.0
2023-05-20 14:58:38,110 [INFO] ThirdParty:1030 - CMSIS Pack Vendor :STMicroelectronics X-CUBE-BLE2 3.3.0
2023-05-20 14:58:38,110 [INFO] ThirdParty:1030 - CMSIS Pack Vendor :STMicroelectronics PDM2PCM 3.2.0
2023-05-20 14:58:38,110 [INFO] ThirdParty:841 - exiting critical section [change project]
2023-05-20 14:58:39,445 [INFO] PinOutPanel:1499 - setPackage(No Configuration,No Configuration)
2023-05-20 14:58:39,447 [INFO] PinOutPanel:1499 - setPackage(STM32G474RETx,LQFP64)
2023-05-20 14:58:41,297 [INFO] UtilMem:75 - Before build in PCC Used Memory: 362114168 Bytes (1073741824)
2023-05-20 14:58:43,740 [INFO] UtilMem:75 - After build in PCC Used Memory: 654671640 Bytes (1073741824)
2023-05-20 14:58:43,909 [INFO] IPUIPlugin:80 - create IPUIPlugin
2023-05-20 14:58:43,909 [INFO] IPUIPlugin:80 - create IPUIPlugin
2023-05-20 14:58:43,909 [INFO] IPUIPlugin:80 - create IPUIPlugin
2023-05-20 14:58:43,909 [INFO] IPUIPlugin:80 - create IPUIPlugin
2023-05-20 14:58:43,910 [INFO] IPUIPlugin:80 - create IPUIPlugin
2023-05-20 14:58:43,910 [INFO] IPUIPlugin:80 - create IPUIPlugin
2023-05-20 14:58:43,910 [INFO] IPUIPlugin:80 - create IPUIPlugin
2023-05-20 14:58:43,910 [INFO] IPUIPlugin:80 - create IPUIPlugin
2023-05-20 14:58:43,910 [INFO] IPUIPlugin:80 - create IPUIPlugin
2023-05-20 14:58:43,910 [INFO] IPUIPlugin:80 - create IPUIPlugin
2023-05-20 14:58:43,911 [INFO] IPUIPlugin:80 - create IPUIPlugin
2023-05-20 14:58:43,911 [INFO] IPUIPlugin:80 - create IPUIPlugin
2023-05-20 14:58:43,911 [INFO] IPUIPlugin:80 - create IPUIPlugin
2023-05-20 14:58:43,912 [INFO] IPUIPlugin:80 - create IPUIPlugin
2023-05-20 14:58:43,912 [INFO] IPUIPlugin:80 - create IPUIPlugin
2023-05-20 14:58:43,913 [INFO] IPUIPlugin:80 - create IPUIPlugin
2023-05-20 14:58:43,913 [INFO] IPUIPlugin:80 - create IPUIPlugin
2023-05-20 14:58:43,914 [INFO] IPUIPlugin:80 - create IPUIPlugin
2023-05-20 14:58:43,979 [INFO] IPUIPlugin:80 - create IPUIPlugin
2023-05-20 14:58:43,980 [INFO] IPUIPlugin:80 - create IPUIPlugin
2023-05-20 14:58:43,980 [INFO] IPUIPlugin:80 - create IPUIPlugin
2023-05-20 14:58:43,980 [INFO] IPUIPlugin:80 - create IPUIPlugin
2023-05-20 14:58:43,981 [INFO] IPUIPlugin:80 - create IPUIPlugin
2023-05-20 14:58:43,982 [INFO] IPUIPlugin:80 - create IPUIPlugin
2023-05-20 14:58:43,983 [INFO] IPUIPlugin:80 - create IPUIPlugin
2023-05-20 14:58:43,983 [INFO] IPUIPlugin:80 - create IPUIPlugin
2023-05-20 14:58:43,984 [INFO] IPUIPlugin:80 - create IPUIPlugin
2023-05-20 14:58:43,984 [INFO] IPUIPlugin:80 - create IPUIPlugin
2023-05-20 14:58:43,985 [INFO] IPUIPlugin:80 - create IPUIPlugin
2023-05-20 14:58:43,985 [INFO] IPUIPlugin:80 - create IPUIPlugin
2023-05-20 14:58:43,985 [INFO] IPUIPlugin:80 - create IPUIPlugin
2023-05-20 14:58:43,986 [INFO] IPUIPlugin:80 - create IPUIPlugin
2023-05-20 14:58:43,986 [INFO] IPUIPlugin:80 - create IPUIPlugin
2023-05-20 14:58:43,986 [INFO] IPUIPlugin:80 - create IPUIPlugin
2023-05-20 14:58:43,987 [INFO] IPUIPlugin:80 - create IPUIPlugin
2023-05-20 14:58:43,987 [INFO] IPUIPlugin:80 - create IPUIPlugin
2023-05-20 14:58:43,988 [INFO] IPUIPlugin:80 - create IPUIPlugin
2023-05-20 14:58:43,988 [INFO] IPUIPlugin:80 - create IPUIPlugin
2023-05-20 14:58:43,989 [INFO] IPUIPlugin:80 - create IPUIPlugin
2023-05-20 14:58:43,989 [INFO] IPUIPlugin:80 - create IPUIPlugin
2023-05-20 14:58:43,990 [INFO] IPUIPlugin:80 - create IPUIPlugin
2023-05-20 14:58:43,990 [INFO] IPUIPlugin:80 - create IPUIPlugin
2023-05-20 14:58:43,990 [INFO] IPUIPlugin:80 - create IPUIPlugin
2023-05-20 14:58:43,991 [INFO] IPUIPlugin:80 - create IPUIPlugin
2023-05-20 14:58:43,991 [INFO] IPUIPlugin:80 - create IPUIPlugin
2023-05-20 14:58:43,991 [INFO] IPUIPlugin:80 - create IPUIPlugin
2023-05-20 14:58:43,992 [INFO] IPUIPlugin:80 - create IPUIPlugin
2023-05-20 14:58:43,993 [INFO] IPUIPlugin:80 - create IPUIPlugin
2023-05-20 14:58:43,994 [INFO] IPUIPlugin:80 - create IPUIPlugin
2023-05-20 14:58:43,995 [INFO] IPUIPlugin:80 - create IPUIPlugin
2023-05-20 14:58:43,995 [INFO] IPUIPlugin:80 - create IPUIPlugin
2023-05-20 14:58:43,995 [INFO] IPUIPlugin:80 - create IPUIPlugin
2023-05-20 14:58:43,995 [INFO] IPUIPlugin:80 - create IPUIPlugin
2023-05-20 14:58:43,996 [INFO] IPUIPlugin:80 - create IPUIPlugin
2023-05-20 14:58:43,996 [INFO] IPUIPlugin:80 - create IPUIPlugin
2023-05-20 14:58:43,997 [INFO] IPUIPlugin:80 - create IPUIPlugin
2023-05-20 14:58:43,997 [INFO] IPUIPlugin:80 - create IPUIPlugin
2023-05-20 14:58:43,998 [INFO] IPUIPlugin:80 - create IPUIPlugin
2023-05-20 14:58:43,998 [INFO] IPUIPlugin:80 - create IPUIPlugin
2023-05-20 14:58:43,999 [INFO] IPUIPlugin:80 - create IPUIPlugin
2023-05-20 14:58:44,000 [INFO] IPUIPlugin:80 - create IPUIPlugin
2023-05-20 14:58:44,000 [INFO] IPUIPlugin:80 - create IPUIPlugin
2023-05-20 14:58:44,001 [INFO] IPUIPlugin:80 - create IPUIPlugin
2023-05-20 14:58:44,001 [INFO] IPUIPlugin:80 - create IPUIPlugin
2023-05-20 14:58:44,001 [INFO] IPUIPlugin:80 - create IPUIPlugin
2023-05-20 14:58:44,002 [INFO] IPUIPlugin:80 - create IPUIPlugin
2023-05-20 14:58:44,003 [INFO] IPUIPlugin:80 - create IPUIPlugin
2023-05-20 14:58:44,003 [INFO] IPUIPlugin:80 - create IPUIPlugin
2023-05-20 14:58:44,004 [INFO] IPUIPlugin:80 - create IPUIPlugin
2023-05-20 14:58:44,005 [INFO] IPUIPlugin:80 - create IPUIPlugin
2023-05-20 14:58:44,006 [INFO] IPUIPlugin:80 - create IPUIPlugin
2023-05-20 14:58:44,007 [INFO] IPUIPlugin:80 - create IPUIPlugin
2023-05-20 14:58:44,008 [INFO] IPUIPlugin:80 - create IPUIPlugin
2023-05-20 14:58:44,009 [INFO] IPUIPlugin:80 - create IPUIPlugin
2023-05-20 14:58:44,010 [INFO] IPUIPlugin:80 - create IPUIPlugin
2023-05-20 14:58:44,011 [INFO] IPUIPlugin:80 - create IPUIPlugin
2023-05-20 14:58:44,012 [INFO] IPUIPlugin:80 - create IPUIPlugin
2023-05-20 14:58:44,456 [INFO] CADModel:165 - CPN selected for project levelSTM32G474RET6
2023-05-20 14:58:44,456 [INFO] CADModel:114 - Register for checkConnection events
2023-05-20 14:58:44,562 [INFO] OpenFileManager:328 - Restore cursor
2023-05-20 14:58:48,152 [INFO] UtilMem:75 - End SaveConfig() Used Memory: 340653056 Bytes (1073741824)
2023-05-20 14:58:48,299 [INFO] UtilMem:75 - End SaveConfig() Used Memory: 364246016 Bytes (1073741824)
2023-05-20 14:58:49,388 [INFO] BlockDiagram:2759 - set Specific Code input for plugin: TIM1_8G4
2023-05-20 14:58:49,389 [INFO] BlockDiagram:2759 - set Specific Code input for plugin: TIM1_8G4
2023-05-20 14:58:49,389 [INFO] BlockDiagram:2759 - set Specific Code input for plugin: TIM1_8G4
2023-05-20 14:58:49,389 [INFO] BlockDiagram:2759 - set Specific Code input for plugin: SYS
2023-05-20 14:58:49,389 [INFO] BlockDiagram:2759 - set Specific Code input for plugin: RCC
2023-05-20 14:58:49,389 [INFO] BlockDiagram:2759 - set Specific Code input for plugin: LPUART
2023-05-20 14:58:49,389 [INFO] BlockDiagram:2759 - set Specific Code input for plugin: NVIC
2023-05-20 14:58:49,389 [INFO] BlockDiagram:2759 - set Specific Code input for plugin: USART
2023-05-20 14:58:49,389 [INFO] BlockDiagram:2759 - set Specific Code input for plugin: USART
2023-05-20 14:58:49,389 [INFO] BlockDiagram:2759 - set Specific Code input for plugin: UART
2023-05-20 14:58:49,389 [INFO] BlockDiagram:2759 - set Specific Code input for plugin: UART
2023-05-20 14:58:49,391 [INFO] BlockDiagram:2759 - set Specific Code input for plugin: GPIO
2023-05-20 14:58:49,392 [INFO] CodeGenerator:793 - code generatio: config db path: /home/ray/.stm32cubemx/databases/DB.6.0.80/db/
2023-05-20 14:58:50,182 [INFO] CodeEngine:255 - oldGeneratedFile, /home/ray/git/tdps2023/mcu/Doc/Doc/MXTmpFiles/license.tmp_save
2023-05-20 14:58:50,944 [INFO] CodeEngine:279 - Generated code: /home/ray/git/tdps2023/mcu/Doc/Doc/MXTmpFiles/license.tmp
2023-05-20 14:58:51,425 [INFO] CodeEngine:255 - oldGeneratedFile, /home/ray/git/tdps2023/mcu/Doc/Doc/MXTmpFiles/gpio.tmp_save
2023-05-20 14:58:51,665 [INFO] CodeEngine:279 - Generated code: /home/ray/git/tdps2023/mcu/Doc/Doc/MXTmpFiles/gpio.tmp
2023-05-20 14:58:54,356 [INFO] CodeEngine:255 - oldGeneratedFile, /home/ray/git/tdps2023/mcu/Doc/Doc/Core/Src/stm32g4xx_it.c_save
2023-05-20 14:58:54,567 [INFO] CodeEngine:279 - Generated code: /home/ray/git/tdps2023/mcu/Doc/Doc/Core/Src/stm32g4xx_it.c
2023-05-20 14:58:54,570 [INFO] CodeEngine:255 - oldGeneratedFile, /home/ray/git/tdps2023/mcu/Doc/Doc/Core/Inc/stm32g4xx_it.h_save
2023-05-20 14:58:54,686 [INFO] CodeEngine:279 - Generated code: /home/ray/git/tdps2023/mcu/Doc/Doc/Core/Inc/stm32g4xx_it.h
2023-05-20 14:58:54,718 [INFO] CodeEngine:255 - oldGeneratedFile, /home/ray/git/tdps2023/mcu/Doc/Doc/Core/Src/stm32g4xx_hal_msp.c_save
2023-05-20 14:58:55,135 [INFO] CodeEngine:279 - Generated code: /home/ray/git/tdps2023/mcu/Doc/Doc/Core/Src/stm32g4xx_hal_msp.c
2023-05-20 14:58:55,139 [INFO] CodeEngine:255 - oldGeneratedFile, /home/ray/git/tdps2023/mcu/Doc/Doc/MXTmpFiles/system.tmp_save
2023-05-20 14:58:55,326 [INFO] CodeEngine:279 - Generated code: /home/ray/git/tdps2023/mcu/Doc/Doc/MXTmpFiles/system.tmp
2023-05-20 14:58:55,383 [INFO] CodeEngine:311 - oldGeneratedFile, /home/ray/git/tdps2023/mcu/Doc/Doc/Core/Inc/stm32g4xx_hal_conf.h_save
2023-05-20 14:58:55,541 [INFO] CodeEngine:335 - Generated code: /home/ray/git/tdps2023/mcu/Doc/Doc/Core/Inc/stm32g4xx_hal_conf.h
2023-05-20 14:58:55,594 [WARN] IPConfigManager:2937 - Warning: the RefConfig RCC_CommonPeriphClockConfig is not available in your config.xml file
2023-05-20 14:58:55,671 [WARN] IPConfigManager:3431 - IP not found : TIM
2023-05-20 14:58:55,673 [WARN] CodeGenerator:3754 - IP not found : null
2023-05-20 14:58:55,676 [INFO] CodeEngine:255 - oldGeneratedFile, /home/ray/git/tdps2023/mcu/Doc/Doc/Core/Inc/main.h_save
2023-05-20 14:58:55,866 [INFO] CodeEngine:279 - Generated code: /home/ray/git/tdps2023/mcu/Doc/Doc/Core/Inc/main.h
2023-05-20 14:58:55,869 [INFO] CodeEngine:255 - oldGeneratedFile, /home/ray/git/tdps2023/mcu/Doc/Doc/Core/Src/main.c_save
2023-05-20 14:58:56,168 [INFO] CodeEngine:279 - Generated code: /home/ray/git/tdps2023/mcu/Doc/Doc/Core/Src/main.c
2023-05-20 14:58:58,636 [INFO] ProjectBuilder:2996 - Time for Copy HAL[1] : 274mS.
2023-05-20 14:58:58,671 [INFO] ProjectBuilder:4304 - Project Generator version: 3.19.2
2023-05-20 14:58:59,114 [INFO] ConfigFileManager:1483 - The Die is : DIE469
2023-05-20 14:58:59,177 [INFO] ApiDbMcu:507 - Load IP Config File for FATFS
2023-05-20 14:58:59,234 [INFO] ApiDbMcu:507 - Load IP Config File for FREERTOS
2023-05-20 14:58:59,285 [INFO] ApiDbMcu:507 - Load IP Config File for USBPD
2023-05-20 14:58:59,377 [INFO] ApiDbMcu:507 - Load IP Config File for USB_Device
2023-05-20 14:59:01,416 [INFO] LogOutputStream:77 - [STDOUT_REDIRECT] 
2023-05-20 14:59:10,558 [INFO] ProjectBuilder:4505 - Time for Generating toolchain IDE Files: 11884mS.
2023-05-20 14:59:10,572 [INFO] ProjectBuilder:2867 - Time for Copy CMSIS : 0mS.
2023-05-20 14:59:10,573 [INFO] ProjectBuilder:2867 - Time for Copy CMSIS : 0mS.
2023-05-20 14:59:16,007 [INFO] McuFinderGlobals:66 - Set McuFinderConnectedMode to true
2023-05-20 14:59:16,448 [INFO] ApiDb:448 - Save user favorites file /home/ray/.stm32cubeide/favorites.mcus.txt: 0 item(s)
2023-05-20 14:59:16,449 [INFO] ApiDb:452 - User favorites MCUs=[]
